[2026-03-11T16:58:00.075+0000] {taskinstance.py:1956} INFO - Dependencies all met for dep_context=non-requeueable deps ti=<TaskInstance: oncar_elt_flow.transform_with_dbt manual__2026-03-11T16:49:21.997495+00:00 [queued]>
[2026-03-11T16:58:00.082+0000] {taskinstance.py:1956} INFO - Dependencies all met for dep_context=requeueable deps ti=<TaskInstance: oncar_elt_flow.transform_with_dbt manual__2026-03-11T16:49:21.997495+00:00 [queued]>
[2026-03-11T16:58:00.082+0000] {taskinstance.py:2170} INFO - Starting attempt 3 of 4
[2026-03-11T16:58:00.094+0000] {taskinstance.py:2191} INFO - Executing <Task(BashOperator): transform_with_dbt> on 2026-03-11 16:49:21.997495+00:00
[2026-03-11T16:58:00.104+0000] {standard_task_runner.py:60} INFO - Started process 483 to run task
[2026-03-11T16:58:00.107+0000] {standard_task_runner.py:87} INFO - Running: ['airflow', 'tasks', 'run', 'oncar_elt_flow', 'transform_with_dbt', 'manual__2026-03-11T16:49:21.997495+00:00', '--job-id', '15', '--raw', '--subdir', 'DAGS_FOLDER/cars_pipeline.py', '--cfg-path', '/tmp/tmpt4bn0dst']
[2026-03-11T16:58:00.109+0000] {standard_task_runner.py:88} INFO - Job 15: Subtask transform_with_dbt
[2026-03-11T16:58:00.160+0000] {task_command.py:423} INFO - Running <TaskInstance: oncar_elt_flow.transform_with_dbt manual__2026-03-11T16:49:21.997495+00:00 [running]> on host ee340a30bc68
[2026-03-11T16:58:00.243+0000] {taskinstance.py:2480} INFO - Exporting env vars: AIRFLOW_CTX_DAG_OWNER='vinicius' AIRFLOW_CTX_DAG_ID='oncar_elt_flow' AIRFLOW_CTX_TASK_ID='transform_with_dbt' AIRFLOW_CTX_EXECUTION_DATE='2026-03-11T16:49:21.997495+00:00' AIRFLOW_CTX_TRY_NUMBER='3' AIRFLOW_CTX_DAG_RUN_ID='manual__2026-03-11T16:49:21.997495+00:00'
[2026-03-11T16:58:00.244+0000] {subprocess.py:63} INFO - Tmp dir root location: /tmp
[2026-03-11T16:58:00.245+0000] {subprocess.py:75} INFO - Running command: ['/usr/bin/bash', '-c', 'cd /opt/airflow/transform && dbt run --profiles-dir ../.dbt']
[2026-03-11T16:58:00.266+0000] {subprocess.py:86} INFO - Output:
[2026-03-11T16:58:03.024+0000] {subprocess.py:93} INFO - [0m16:58:03  Encountered an error:
[2026-03-11T16:58:03.024+0000] {subprocess.py:93} INFO - [Errno 13] Permission denied: '/opt/airflow/transform/logs/dbt.log'
[2026-03-11T16:58:03.028+0000] {subprocess.py:93} INFO - [0m16:58:03  Traceback (most recent call last):
[2026-03-11T16:58:03.029+0000] {subprocess.py:93} INFO -   File "/home/airflow/.local/lib/python3.11/site-packages/dbt/cli/requires.py", line 90, in wrapper
[2026-03-11T16:58:03.029+0000] {subprocess.py:93} INFO -     result, success = func(*args, **kwargs)
[2026-03-11T16:58:03.029+0000] {subprocess.py:93} INFO -                       ^^^^^^^^^^^^^^^^^^^^^
[2026-03-11T16:58:03.029+0000] {subprocess.py:93} INFO -   File "/home/airflow/.local/lib/python3.11/site-packages/dbt/cli/requires.py", line 51, in wrapper
[2026-03-11T16:58:03.030+0000] {subprocess.py:93} INFO -     setup_event_logger(flags=flags, callbacks=callbacks)
[2026-03-11T16:58:03.030+0000] {subprocess.py:93} INFO -   File "/home/airflow/.local/lib/python3.11/site-packages/dbt/events/functions.py", line 70, in setup_event_logger
[2026-03-11T16:58:03.030+0000] {subprocess.py:93} INFO -     EVENT_MANAGER.add_logger(
[2026-03-11T16:58:03.030+0000] {subprocess.py:93} INFO -   File "/home/airflow/.local/lib/python3.11/site-packages/dbt/events/eventmgr.py", line 37, in add_logger
[2026-03-11T16:58:03.030+0000] {subprocess.py:93} INFO -     _JsonLogger(config) if config.line_format == LineFormat.Json else _TextLogger(config)
[2026-03-11T16:58:03.031+0000] {subprocess.py:93} INFO -                                                                       ^^^^^^^^^^^^^^^^^^^
[2026-03-11T16:58:03.031+0000] {subprocess.py:93} INFO -   File "/home/airflow/.local/lib/python3.11/site-packages/dbt/events/logger.py", line 133, in __init__
[2026-03-11T16:58:03.031+0000] {subprocess.py:93} INFO -     super().__init__(config)
[2026-03-11T16:58:03.031+0000] {subprocess.py:93} INFO -   File "/home/airflow/.local/lib/python3.11/site-packages/dbt/events/logger.py", line 100, in __init__
[2026-03-11T16:58:03.031+0000] {subprocess.py:93} INFO -     file_handler = RotatingFileHandler(
[2026-03-11T16:58:03.032+0000] {subprocess.py:93} INFO -                    ^^^^^^^^^^^^^^^^^^^^
[2026-03-11T16:58:03.032+0000] {subprocess.py:93} INFO -   File "/usr/local/lib/python3.11/logging/handlers.py", line 155, in __init__
[2026-03-11T16:58:03.032+0000] {subprocess.py:93} INFO -     BaseRotatingHandler.__init__(self, filename, mode, encoding=encoding,
[2026-03-11T16:58:03.032+0000] {subprocess.py:93} INFO -   File "/usr/local/lib/python3.11/logging/handlers.py", line 58, in __init__
[2026-03-11T16:58:03.032+0000] {subprocess.py:93} INFO -     logging.FileHandler.__init__(self, filename, mode=mode,
[2026-03-11T16:58:03.032+0000] {subprocess.py:93} INFO -   File "/usr/local/lib/python3.11/logging/__init__.py", line 1181, in __init__
[2026-03-11T16:58:03.032+0000] {subprocess.py:93} INFO -     StreamHandler.__init__(self, self._open())
[2026-03-11T16:58:03.032+0000] {subprocess.py:93} INFO -                                  ^^^^^^^^^^^^
[2026-03-11T16:58:03.032+0000] {subprocess.py:93} INFO -   File "/usr/local/lib/python3.11/logging/__init__.py", line 1213, in _open
[2026-03-11T16:58:03.033+0000] {subprocess.py:93} INFO -     return open_func(self.baseFilename, self.mode,
[2026-03-11T16:58:03.033+0000] {subprocess.py:93} INFO -            ^^^^^^^^^^^^^^^^^^^^^^^^^^^^^^^^^^^^^^^
[2026-03-11T16:58:03.033+0000] {subprocess.py:93} INFO - PermissionError: [Errno 13] Permission denied: '/opt/airflow/transform/logs/dbt.log'
[2026-03-11T16:58:03.033+0000] {subprocess.py:93} INFO - 
[2026-03-11T16:58:03.369+0000] {subprocess.py:97} INFO - Command exited with return code 2
[2026-03-11T16:58:03.383+0000] {taskinstance.py:2698} ERROR - Task failed with exception
Traceback (most recent call last):
  File "/home/airflow/.local/lib/python3.11/site-packages/airflow/models/taskinstance.py", line 433, in _execute_task
    result = execute_callable(context=context, **execute_callable_kwargs)
             ^^^^^^^^^^^^^^^^^^^^^^^^^^^^^^^^^^^^^^^^^^^^^^^^^^^^^^^^^^^^
  File "/home/airflow/.local/lib/python3.11/site-packages/airflow/operators/bash.py", line 212, in execute
    raise AirflowException(
airflow.exceptions.AirflowException: Bash command failed. The command returned a non-zero exit code 2.
[2026-03-11T16:58:03.387+0000] {taskinstance.py:1138} INFO - Marking task as UP_FOR_RETRY. dag_id=oncar_elt_flow, task_id=transform_with_dbt, execution_date=20260311T164921, start_date=20260311T165800, end_date=20260311T165803
[2026-03-11T16:58:03.398+0000] {standard_task_runner.py:107} ERROR - Failed to execute job 15 for task transform_with_dbt (Bash command failed. The command returned a non-zero exit code 2.; 483)
[2026-03-11T16:58:03.447+0000] {local_task_job_runner.py:234} INFO - Task exited with return code 1
[2026-03-11T16:58:03.469+0000] {taskinstance.py:3280} INFO - 0 downstream tasks scheduled from follow-on schedule check
