[2026-03-11T16:54:29.585+0000] {taskinstance.py:1956} INFO - Dependencies all met for dep_context=non-requeueable deps ti=<TaskInstance: oncar_elt_flow.transform_with_dbt manual__2026-03-11T16:49:21.997495+00:00 [queued]>
[2026-03-11T16:54:29.593+0000] {taskinstance.py:1956} INFO - Dependencies all met for dep_context=requeueable deps ti=<TaskInstance: oncar_elt_flow.transform_with_dbt manual__2026-03-11T16:49:21.997495+00:00 [queued]>
[2026-03-11T16:54:29.593+0000] {taskinstance.py:2170} INFO - Starting attempt 2 of 2
[2026-03-11T16:54:29.604+0000] {taskinstance.py:2191} INFO - Executing <Task(BashOperator): transform_with_dbt> on 2026-03-11 16:49:21.997495+00:00
[2026-03-11T16:54:29.614+0000] {standard_task_runner.py:60} INFO - Started process 391 to run task
[2026-03-11T16:54:29.617+0000] {standard_task_runner.py:87} INFO - Running: ['airflow', 'tasks', 'run', 'oncar_elt_flow', 'transform_with_dbt', 'manual__2026-03-11T16:49:21.997495+00:00', '--job-id', '14', '--raw', '--subdir', 'DAGS_FOLDER/cars_pipeline.py', '--cfg-path', '/tmp/tmpz3y1j5o5']
[2026-03-11T16:54:29.619+0000] {standard_task_runner.py:88} INFO - Job 14: Subtask transform_with_dbt
[2026-03-11T16:54:29.670+0000] {task_command.py:423} INFO - Running <TaskInstance: oncar_elt_flow.transform_with_dbt manual__2026-03-11T16:49:21.997495+00:00 [running]> on host ee340a30bc68
[2026-03-11T16:54:29.749+0000] {taskinstance.py:2480} INFO - Exporting env vars: AIRFLOW_CTX_DAG_OWNER='vinicius' AIRFLOW_CTX_DAG_ID='oncar_elt_flow' AIRFLOW_CTX_TASK_ID='transform_with_dbt' AIRFLOW_CTX_EXECUTION_DATE='2026-03-11T16:49:21.997495+00:00' AIRFLOW_CTX_TRY_NUMBER='2' AIRFLOW_CTX_DAG_RUN_ID='manual__2026-03-11T16:49:21.997495+00:00'
[2026-03-11T16:54:29.751+0000] {subprocess.py:63} INFO - Tmp dir root location: /tmp
[2026-03-11T16:54:29.752+0000] {subprocess.py:75} INFO - Running command: ['/usr/bin/bash', '-c', 'python3 -m pip install dbt-postgres==1.7.0 protobuf==4.25.3 && cd /opt/airflow/transform && python3 -m dbt run --profiles-dir ../.dbt']
[2026-03-11T16:54:29.773+0000] {subprocess.py:86} INFO - Output:
[2026-03-11T16:54:30.111+0000] {subprocess.py:93} INFO - Defaulting to user installation because normal site-packages is not writeable
[2026-03-11T16:54:30.409+0000] {subprocess.py:93} INFO - Requirement already satisfied: dbt-postgres==1.7.0 in /home/airflow/.local/lib/python3.11/site-packages (1.7.0)
[2026-03-11T16:54:30.411+0000] {subprocess.py:93} INFO - Requirement already satisfied: protobuf==4.25.3 in /home/airflow/.local/lib/python3.11/site-packages (4.25.3)
[2026-03-11T16:54:30.415+0000] {subprocess.py:93} INFO - Requirement already satisfied: dbt-core==1.7.0 in /home/airflow/.local/lib/python3.11/site-packages (from dbt-postgres==1.7.0) (1.7.0)
[2026-03-11T16:54:30.416+0000] {subprocess.py:93} INFO - Requirement already satisfied: psycopg2-binary~=2.8 in /home/airflow/.local/lib/python3.11/site-packages (from dbt-postgres==1.7.0) (2.9.9)
[2026-03-11T16:54:30.417+0000] {subprocess.py:93} INFO - Requirement already satisfied: agate in /home/airflow/.local/lib/python3.11/site-packages (from dbt-postgres==1.7.0) (1.7.1)
[2026-03-11T16:54:30.436+0000] {subprocess.py:93} INFO - Requirement already satisfied: Jinja2~=3.1.2 in /home/airflow/.local/lib/python3.11/site-packages (from dbt-core==1.7.0->dbt-postgres==1.7.0) (3.1.3)
[2026-03-11T16:54:30.443+0000] {subprocess.py:93} INFO - Requirement already satisfied: mashumaro~=3.9 in /home/airflow/.local/lib/python3.11/site-packages (from mashumaro[msgpack]~=3.9->dbt-core==1.7.0->dbt-postgres==1.7.0) (3.20)
[2026-03-11T16:54:30.447+0000] {subprocess.py:93} INFO - Requirement already satisfied: logbook<1.6,>=1.5 in /home/airflow/.local/lib/python3.11/site-packages (from dbt-core==1.7.0->dbt-postgres==1.7.0) (1.5.3)
[2026-03-11T16:54:30.448+0000] {subprocess.py:93} INFO - Requirement already satisfied: click<9,>=8.0.2 in /home/airflow/.local/lib/python3.11/site-packages (from dbt-core==1.7.0->dbt-postgres==1.7.0) (8.1.7)
[2026-03-11T16:54:30.450+0000] {subprocess.py:93} INFO - Requirement already satisfied: networkx<4,>=2.3 in /home/airflow/.local/lib/python3.11/site-packages (from dbt-core==1.7.0->dbt-postgres==1.7.0) (3.6.1)
[2026-03-11T16:54:30.452+0000] {subprocess.py:93} INFO - Requirement already satisfied: colorama<0.5,>=0.3.9 in /home/airflow/.local/lib/python3.11/site-packages (from dbt-core==1.7.0->dbt-postgres==1.7.0) (0.4.6)
[2026-03-11T16:54:30.454+0000] {subprocess.py:93} INFO - Requirement already satisfied: pathspec<0.12,>=0.9 in /home/airflow/.local/lib/python3.11/site-packages (from dbt-core==1.7.0->dbt-postgres==1.7.0) (0.11.2)
[2026-03-11T16:54:30.455+0000] {subprocess.py:93} INFO - Requirement already satisfied: isodate<0.7,>=0.6 in /home/airflow/.local/lib/python3.11/site-packages (from dbt-core==1.7.0->dbt-postgres==1.7.0) (0.6.1)
[2026-03-11T16:54:30.456+0000] {subprocess.py:93} INFO - Requirement already satisfied: sqlparse<0.5,>=0.2.3 in /home/airflow/.local/lib/python3.11/site-packages (from dbt-core==1.7.0->dbt-postgres==1.7.0) (0.4.4)
[2026-03-11T16:54:30.457+0000] {subprocess.py:93} INFO - Requirement already satisfied: dbt-extractor~=0.5.0 in /home/airflow/.local/lib/python3.11/site-packages (from dbt-core==1.7.0->dbt-postgres==1.7.0) (0.5.1)
[2026-03-11T16:54:30.458+0000] {subprocess.py:93} INFO - Requirement already satisfied: minimal-snowplow-tracker~=0.0.2 in /home/airflow/.local/lib/python3.11/site-packages (from dbt-core==1.7.0->dbt-postgres==1.7.0) (0.0.2)
[2026-03-11T16:54:30.459+0000] {subprocess.py:93} INFO - Requirement already satisfied: dbt-semantic-interfaces~=0.4.0 in /home/airflow/.local/lib/python3.11/site-packages (from dbt-core==1.7.0->dbt-postgres==1.7.0) (0.4.4)
[2026-03-11T16:54:30.461+0000] {subprocess.py:93} INFO - Requirement already satisfied: jsonschema>=3.0 in /home/airflow/.local/lib/python3.11/site-packages (from dbt-core==1.7.0->dbt-postgres==1.7.0) (4.20.0)
[2026-03-11T16:54:30.462+0000] {subprocess.py:93} INFO - Requirement already satisfied: packaging>20.9 in /home/airflow/.local/lib/python3.11/site-packages (from dbt-core==1.7.0->dbt-postgres==1.7.0) (23.2)
[2026-03-11T16:54:30.463+0000] {subprocess.py:93} INFO - Requirement already satisfied: pytz>=2015.7 in /home/airflow/.local/lib/python3.11/site-packages (from dbt-core==1.7.0->dbt-postgres==1.7.0) (2023.3.post1)
[2026-03-11T16:54:30.464+0000] {subprocess.py:93} INFO - Requirement already satisfied: pyyaml>=6.0 in /home/airflow/.local/lib/python3.11/site-packages (from dbt-core==1.7.0->dbt-postgres==1.7.0) (6.0.1)
[2026-03-11T16:54:30.465+0000] {subprocess.py:93} INFO - Requirement already satisfied: typing-extensions>=3.7.4 in /home/airflow/.local/lib/python3.11/site-packages (from dbt-core==1.7.0->dbt-postgres==1.7.0) (4.15.0)
[2026-03-11T16:54:30.466+0000] {subprocess.py:93} INFO - Requirement already satisfied: cffi<2.0.0,>=1.9 in /home/airflow/.local/lib/python3.11/site-packages (from dbt-core==1.7.0->dbt-postgres==1.7.0) (1.16.0)
[2026-03-11T16:54:30.468+0000] {subprocess.py:93} INFO - Requirement already satisfied: idna<4,>=2.5 in /home/airflow/.local/lib/python3.11/site-packages (from dbt-core==1.7.0->dbt-postgres==1.7.0) (3.6)
[2026-03-11T16:54:30.469+0000] {subprocess.py:93} INFO - Requirement already satisfied: requests<3.0.0 in /home/airflow/.local/lib/python3.11/site-packages (from dbt-core==1.7.0->dbt-postgres==1.7.0) (2.31.0)
[2026-03-11T16:54:30.473+0000] {subprocess.py:93} INFO - Requirement already satisfied: urllib3~=1.0 in /home/airflow/.local/lib/python3.11/site-packages (from dbt-core==1.7.0->dbt-postgres==1.7.0) (1.26.20)
[2026-03-11T16:54:30.485+0000] {subprocess.py:93} INFO - Requirement already satisfied: Babel>=2.0 in /home/airflow/.local/lib/python3.11/site-packages (from agate->dbt-postgres==1.7.0) (2.14.0)
[2026-03-11T16:54:30.487+0000] {subprocess.py:93} INFO - Requirement already satisfied: leather>=0.3.2 in /home/airflow/.local/lib/python3.11/site-packages (from agate->dbt-postgres==1.7.0) (0.4.1)
[2026-03-11T16:54:30.488+0000] {subprocess.py:93} INFO - Requirement already satisfied: parsedatetime!=2.5,>=2.1 in /home/airflow/.local/lib/python3.11/site-packages (from agate->dbt-postgres==1.7.0) (2.6)
[2026-03-11T16:54:30.489+0000] {subprocess.py:93} INFO - Requirement already satisfied: python-slugify>=1.2.1 in /home/airflow/.local/lib/python3.11/site-packages (from agate->dbt-postgres==1.7.0) (8.0.1)
[2026-03-11T16:54:30.490+0000] {subprocess.py:93} INFO - Requirement already satisfied: pytimeparse>=1.1.5 in /home/airflow/.local/lib/python3.11/site-packages (from agate->dbt-postgres==1.7.0) (1.1.8)
[2026-03-11T16:54:30.499+0000] {subprocess.py:93} INFO - Requirement already satisfied: pycparser in /home/airflow/.local/lib/python3.11/site-packages (from cffi<2.0.0,>=1.9->dbt-core==1.7.0->dbt-postgres==1.7.0) (2.21)
[2026-03-11T16:54:30.515+0000] {subprocess.py:93} INFO - Requirement already satisfied: importlib-metadata~=6.0 in /home/airflow/.local/lib/python3.11/site-packages (from dbt-semantic-interfaces~=0.4.0->dbt-core==1.7.0->dbt-postgres==1.7.0) (6.11.0)
[2026-03-11T16:54:30.517+0000] {subprocess.py:93} INFO - Requirement already satisfied: more-itertools<11.0,>=8.0 in /home/airflow/.local/lib/python3.11/site-packages (from dbt-semantic-interfaces~=0.4.0->dbt-core==1.7.0->dbt-postgres==1.7.0) (10.8.0)
[2026-03-11T16:54:30.520+0000] {subprocess.py:93} INFO - Requirement already satisfied: pydantic<3,>=1.10 in /home/airflow/.local/lib/python3.11/site-packages (from dbt-semantic-interfaces~=0.4.0->dbt-core==1.7.0->dbt-postgres==1.7.0) (2.5.3)
[2026-03-11T16:54:30.522+0000] {subprocess.py:93} INFO - Requirement already satisfied: python-dateutil~=2.0 in /home/airflow/.local/lib/python3.11/site-packages (from dbt-semantic-interfaces~=0.4.0->dbt-core==1.7.0->dbt-postgres==1.7.0) (2.8.2)
[2026-03-11T16:54:30.528+0000] {subprocess.py:93} INFO - Requirement already satisfied: six in /home/airflow/.local/lib/python3.11/site-packages (from isodate<0.7,>=0.6->dbt-core==1.7.0->dbt-postgres==1.7.0) (1.16.0)
[2026-03-11T16:54:30.532+0000] {subprocess.py:93} INFO - Requirement already satisfied: MarkupSafe>=2.0 in /home/airflow/.local/lib/python3.11/site-packages (from Jinja2~=3.1.2->dbt-core==1.7.0->dbt-postgres==1.7.0) (2.1.3)
[2026-03-11T16:54:30.550+0000] {subprocess.py:93} INFO - Requirement already satisfied: attrs>=22.2.0 in /home/airflow/.local/lib/python3.11/site-packages (from jsonschema>=3.0->dbt-core==1.7.0->dbt-postgres==1.7.0) (23.2.0)
[2026-03-11T16:54:30.551+0000] {subprocess.py:93} INFO - Requirement already satisfied: jsonschema-specifications>=2023.03.6 in /home/airflow/.local/lib/python3.11/site-packages (from jsonschema>=3.0->dbt-core==1.7.0->dbt-postgres==1.7.0) (2023.12.1)
[2026-03-11T16:54:30.553+0000] {subprocess.py:93} INFO - Requirement already satisfied: referencing>=0.28.4 in /home/airflow/.local/lib/python3.11/site-packages (from jsonschema>=3.0->dbt-core==1.7.0->dbt-postgres==1.7.0) (0.32.1)
[2026-03-11T16:54:30.554+0000] {subprocess.py:93} INFO - Requirement already satisfied: rpds-py>=0.7.1 in /home/airflow/.local/lib/python3.11/site-packages (from jsonschema>=3.0->dbt-core==1.7.0->dbt-postgres==1.7.0) (0.17.1)
[2026-03-11T16:54:30.596+0000] {subprocess.py:93} INFO - Requirement already satisfied: msgpack>=0.5.6 in /home/airflow/.local/lib/python3.11/site-packages (from mashumaro[msgpack]~=3.9->dbt-core==1.7.0->dbt-postgres==1.7.0) (1.1.2)
[2026-03-11T16:54:30.643+0000] {subprocess.py:93} INFO - Requirement already satisfied: text-unidecode>=1.3 in /home/airflow/.local/lib/python3.11/site-packages (from python-slugify>=1.2.1->agate->dbt-postgres==1.7.0) (1.3)
[2026-03-11T16:54:30.663+0000] {subprocess.py:93} INFO - Requirement already satisfied: charset-normalizer<4,>=2 in /home/airflow/.local/lib/python3.11/site-packages (from requests<3.0.0->dbt-core==1.7.0->dbt-postgres==1.7.0) (3.3.2)
[2026-03-11T16:54:30.666+0000] {subprocess.py:93} INFO - Requirement already satisfied: certifi>=2017.4.17 in /home/airflow/.local/lib/python3.11/site-packages (from requests<3.0.0->dbt-core==1.7.0->dbt-postgres==1.7.0) (2023.11.17)
[2026-03-11T16:54:30.744+0000] {subprocess.py:93} INFO - Requirement already satisfied: zipp>=0.5 in /home/airflow/.local/lib/python3.11/site-packages (from importlib-metadata~=6.0->dbt-semantic-interfaces~=0.4.0->dbt-core==1.7.0->dbt-postgres==1.7.0) (3.17.0)
[2026-03-11T16:54:30.773+0000] {subprocess.py:93} INFO - Requirement already satisfied: annotated-types>=0.4.0 in /home/airflow/.local/lib/python3.11/site-packages (from pydantic<3,>=1.10->dbt-semantic-interfaces~=0.4.0->dbt-core==1.7.0->dbt-postgres==1.7.0) (0.6.0)
[2026-03-11T16:54:30.774+0000] {subprocess.py:93} INFO - Requirement already satisfied: pydantic-core==2.14.6 in /home/airflow/.local/lib/python3.11/site-packages (from pydantic<3,>=1.10->dbt-semantic-interfaces~=0.4.0->dbt-core==1.7.0->dbt-postgres==1.7.0) (2.14.6)
[2026-03-11T16:54:33.072+0000] {subprocess.py:93} INFO - 
[2026-03-11T16:54:33.072+0000] {subprocess.py:93} INFO - [notice] A new release of pip is available: 23.3.2 -> 26.0.1
[2026-03-11T16:54:33.073+0000] {subprocess.py:93} INFO - [notice] To update, run: python3 -m pip install --upgrade pip
[2026-03-11T16:54:33.195+0000] {subprocess.py:93} INFO - /usr/local/bin/python3: No module named dbt.__main__; 'dbt' is a package and cannot be directly executed
[2026-03-11T16:54:33.199+0000] {subprocess.py:97} INFO - Command exited with return code 1
[2026-03-11T16:54:33.213+0000] {taskinstance.py:2698} ERROR - Task failed with exception
Traceback (most recent call last):
  File "/home/airflow/.local/lib/python3.11/site-packages/airflow/models/taskinstance.py", line 433, in _execute_task
    result = execute_callable(context=context, **execute_callable_kwargs)
             ^^^^^^^^^^^^^^^^^^^^^^^^^^^^^^^^^^^^^^^^^^^^^^^^^^^^^^^^^^^^
  File "/home/airflow/.local/lib/python3.11/site-packages/airflow/operators/bash.py", line 212, in execute
    raise AirflowException(
airflow.exceptions.AirflowException: Bash command failed. The command returned a non-zero exit code 1.
[2026-03-11T16:54:33.216+0000] {taskinstance.py:1138} INFO - Marking task as FAILED. dag_id=oncar_elt_flow, task_id=transform_with_dbt, execution_date=20260311T164921, start_date=20260311T165429, end_date=20260311T165433
[2026-03-11T16:54:33.228+0000] {standard_task_runner.py:107} ERROR - Failed to execute job 14 for task transform_with_dbt (Bash command failed. The command returned a non-zero exit code 1.; 391)
[2026-03-11T16:54:33.279+0000] {local_task_job_runner.py:234} INFO - Task exited with return code 1
[2026-03-11T16:54:33.299+0000] {taskinstance.py:3280} INFO - 0 downstream tasks scheduled from follow-on schedule check
