[2026-03-11T16:49:24.171+0000] {taskinstance.py:1956} INFO - Dependencies all met for dep_context=non-requeueable deps ti=<TaskInstance: oncar_elt_flow.transform_with_dbt manual__2026-03-11T16:49:21.997495+00:00 [queued]>
[2026-03-11T16:49:24.179+0000] {taskinstance.py:1956} INFO - Dependencies all met for dep_context=requeueable deps ti=<TaskInstance: oncar_elt_flow.transform_with_dbt manual__2026-03-11T16:49:21.997495+00:00 [queued]>
[2026-03-11T16:49:24.179+0000] {taskinstance.py:2170} INFO - Starting attempt 1 of 2
[2026-03-11T16:49:24.191+0000] {taskinstance.py:2191} INFO - Executing <Task(BashOperator): transform_with_dbt> on 2026-03-11 16:49:21.997495+00:00
[2026-03-11T16:49:24.201+0000] {standard_task_runner.py:60} INFO - Started process 310 to run task
[2026-03-11T16:49:24.205+0000] {standard_task_runner.py:87} INFO - Running: ['airflow', 'tasks', 'run', 'oncar_elt_flow', 'transform_with_dbt', 'manual__2026-03-11T16:49:21.997495+00:00', '--job-id', '13', '--raw', '--subdir', 'DAGS_FOLDER/cars_pipeline.py', '--cfg-path', '/tmp/tmpljiqt8sg']
[2026-03-11T16:49:24.207+0000] {standard_task_runner.py:88} INFO - Job 13: Subtask transform_with_dbt
[2026-03-11T16:49:24.261+0000] {task_command.py:423} INFO - Running <TaskInstance: oncar_elt_flow.transform_with_dbt manual__2026-03-11T16:49:21.997495+00:00 [running]> on host ee340a30bc68
[2026-03-11T16:49:24.346+0000] {taskinstance.py:2480} INFO - Exporting env vars: AIRFLOW_CTX_DAG_OWNER='vinicius' AIRFLOW_CTX_DAG_ID='oncar_elt_flow' AIRFLOW_CTX_TASK_ID='transform_with_dbt' AIRFLOW_CTX_EXECUTION_DATE='2026-03-11T16:49:21.997495+00:00' AIRFLOW_CTX_TRY_NUMBER='1' AIRFLOW_CTX_DAG_RUN_ID='manual__2026-03-11T16:49:21.997495+00:00'
[2026-03-11T16:49:24.347+0000] {subprocess.py:63} INFO - Tmp dir root location: /tmp
[2026-03-11T16:49:24.347+0000] {subprocess.py:75} INFO - Running command: ['/usr/bin/bash', '-c', 'python3 -m pip install dbt-postgres==1.7.0 protobuf==4.25.3 && cd /opt/airflow/transform && python3 -m dbt run --profiles-dir ../.dbt']
[2026-03-11T16:49:24.368+0000] {subprocess.py:86} INFO - Output:
[2026-03-11T16:49:24.730+0000] {subprocess.py:93} INFO - Defaulting to user installation because normal site-packages is not writeable
[2026-03-11T16:49:25.043+0000] {subprocess.py:93} INFO - Requirement already satisfied: dbt-postgres==1.7.0 in /home/airflow/.local/lib/python3.11/site-packages (1.7.0)
[2026-03-11T16:49:25.045+0000] {subprocess.py:93} INFO - Requirement already satisfied: protobuf==4.25.3 in /home/airflow/.local/lib/python3.11/site-packages (4.25.3)
[2026-03-11T16:49:25.048+0000] {subprocess.py:93} INFO - Requirement already satisfied: dbt-core==1.7.0 in /home/airflow/.local/lib/python3.11/site-packages (from dbt-postgres==1.7.0) (1.7.0)
[2026-03-11T16:49:25.050+0000] {subprocess.py:93} INFO - Requirement already satisfied: psycopg2-binary~=2.8 in /home/airflow/.local/lib/python3.11/site-packages (from dbt-postgres==1.7.0) (2.9.9)
[2026-03-11T16:49:25.051+0000] {subprocess.py:93} INFO - Requirement already satisfied: agate in /home/airflow/.local/lib/python3.11/site-packages (from dbt-postgres==1.7.0) (1.7.1)
[2026-03-11T16:49:25.070+0000] {subprocess.py:93} INFO - Requirement already satisfied: Jinja2~=3.1.2 in /home/airflow/.local/lib/python3.11/site-packages (from dbt-core==1.7.0->dbt-postgres==1.7.0) (3.1.3)
[2026-03-11T16:49:25.078+0000] {subprocess.py:93} INFO - Requirement already satisfied: mashumaro~=3.9 in /home/airflow/.local/lib/python3.11/site-packages (from mashumaro[msgpack]~=3.9->dbt-core==1.7.0->dbt-postgres==1.7.0) (3.20)
[2026-03-11T16:49:25.083+0000] {subprocess.py:93} INFO - Requirement already satisfied: logbook<1.6,>=1.5 in /home/airflow/.local/lib/python3.11/site-packages (from dbt-core==1.7.0->dbt-postgres==1.7.0) (1.5.3)
[2026-03-11T16:49:25.084+0000] {subprocess.py:93} INFO - Requirement already satisfied: click<9,>=8.0.2 in /home/airflow/.local/lib/python3.11/site-packages (from dbt-core==1.7.0->dbt-postgres==1.7.0) (8.1.7)
[2026-03-11T16:49:25.085+0000] {subprocess.py:93} INFO - Requirement already satisfied: networkx<4,>=2.3 in /home/airflow/.local/lib/python3.11/site-packages (from dbt-core==1.7.0->dbt-postgres==1.7.0) (3.6.1)
[2026-03-11T16:49:25.087+0000] {subprocess.py:93} INFO - Requirement already satisfied: colorama<0.5,>=0.3.9 in /home/airflow/.local/lib/python3.11/site-packages (from dbt-core==1.7.0->dbt-postgres==1.7.0) (0.4.6)
[2026-03-11T16:49:25.089+0000] {subprocess.py:93} INFO - Requirement already satisfied: pathspec<0.12,>=0.9 in /home/airflow/.local/lib/python3.11/site-packages (from dbt-core==1.7.0->dbt-postgres==1.7.0) (0.11.2)
[2026-03-11T16:49:25.090+0000] {subprocess.py:93} INFO - Requirement already satisfied: isodate<0.7,>=0.6 in /home/airflow/.local/lib/python3.11/site-packages (from dbt-core==1.7.0->dbt-postgres==1.7.0) (0.6.1)
[2026-03-11T16:49:25.092+0000] {subprocess.py:93} INFO - Requirement already satisfied: sqlparse<0.5,>=0.2.3 in /home/airflow/.local/lib/python3.11/site-packages (from dbt-core==1.7.0->dbt-postgres==1.7.0) (0.4.4)
[2026-03-11T16:49:25.093+0000] {subprocess.py:93} INFO - Requirement already satisfied: dbt-extractor~=0.5.0 in /home/airflow/.local/lib/python3.11/site-packages (from dbt-core==1.7.0->dbt-postgres==1.7.0) (0.5.1)
[2026-03-11T16:49:25.094+0000] {subprocess.py:93} INFO - Requirement already satisfied: minimal-snowplow-tracker~=0.0.2 in /home/airflow/.local/lib/python3.11/site-packages (from dbt-core==1.7.0->dbt-postgres==1.7.0) (0.0.2)
[2026-03-11T16:49:25.095+0000] {subprocess.py:93} INFO - Requirement already satisfied: dbt-semantic-interfaces~=0.4.0 in /home/airflow/.local/lib/python3.11/site-packages (from dbt-core==1.7.0->dbt-postgres==1.7.0) (0.4.4)
[2026-03-11T16:49:25.096+0000] {subprocess.py:93} INFO - Requirement already satisfied: jsonschema>=3.0 in /home/airflow/.local/lib/python3.11/site-packages (from dbt-core==1.7.0->dbt-postgres==1.7.0) (4.20.0)
[2026-03-11T16:49:25.097+0000] {subprocess.py:93} INFO - Requirement already satisfied: packaging>20.9 in /home/airflow/.local/lib/python3.11/site-packages (from dbt-core==1.7.0->dbt-postgres==1.7.0) (23.2)
[2026-03-11T16:49:25.099+0000] {subprocess.py:93} INFO - Requirement already satisfied: pytz>=2015.7 in /home/airflow/.local/lib/python3.11/site-packages (from dbt-core==1.7.0->dbt-postgres==1.7.0) (2023.3.post1)
[2026-03-11T16:49:25.100+0000] {subprocess.py:93} INFO - Requirement already satisfied: pyyaml>=6.0 in /home/airflow/.local/lib/python3.11/site-packages (from dbt-core==1.7.0->dbt-postgres==1.7.0) (6.0.1)
[2026-03-11T16:49:25.101+0000] {subprocess.py:93} INFO - Requirement already satisfied: typing-extensions>=3.7.4 in /home/airflow/.local/lib/python3.11/site-packages (from dbt-core==1.7.0->dbt-postgres==1.7.0) (4.15.0)
[2026-03-11T16:49:25.102+0000] {subprocess.py:93} INFO - Requirement already satisfied: cffi<2.0.0,>=1.9 in /home/airflow/.local/lib/python3.11/site-packages (from dbt-core==1.7.0->dbt-postgres==1.7.0) (1.16.0)
[2026-03-11T16:49:25.104+0000] {subprocess.py:93} INFO - Requirement already satisfied: idna<4,>=2.5 in /home/airflow/.local/lib/python3.11/site-packages (from dbt-core==1.7.0->dbt-postgres==1.7.0) (3.6)
[2026-03-11T16:49:25.105+0000] {subprocess.py:93} INFO - Requirement already satisfied: requests<3.0.0 in /home/airflow/.local/lib/python3.11/site-packages (from dbt-core==1.7.0->dbt-postgres==1.7.0) (2.31.0)
[2026-03-11T16:49:25.108+0000] {subprocess.py:93} INFO - Requirement already satisfied: urllib3~=1.0 in /home/airflow/.local/lib/python3.11/site-packages (from dbt-core==1.7.0->dbt-postgres==1.7.0) (1.26.20)
[2026-03-11T16:49:25.124+0000] {subprocess.py:93} INFO - Requirement already satisfied: Babel>=2.0 in /home/airflow/.local/lib/python3.11/site-packages (from agate->dbt-postgres==1.7.0) (2.14.0)
[2026-03-11T16:49:25.126+0000] {subprocess.py:93} INFO - Requirement already satisfied: leather>=0.3.2 in /home/airflow/.local/lib/python3.11/site-packages (from agate->dbt-postgres==1.7.0) (0.4.1)
[2026-03-11T16:49:25.127+0000] {subprocess.py:93} INFO - Requirement already satisfied: parsedatetime!=2.5,>=2.1 in /home/airflow/.local/lib/python3.11/site-packages (from agate->dbt-postgres==1.7.0) (2.6)
[2026-03-11T16:49:25.128+0000] {subprocess.py:93} INFO - Requirement already satisfied: python-slugify>=1.2.1 in /home/airflow/.local/lib/python3.11/site-packages (from agate->dbt-postgres==1.7.0) (8.0.1)
[2026-03-11T16:49:25.129+0000] {subprocess.py:93} INFO - Requirement already satisfied: pytimeparse>=1.1.5 in /home/airflow/.local/lib/python3.11/site-packages (from agate->dbt-postgres==1.7.0) (1.1.8)
[2026-03-11T16:49:25.139+0000] {subprocess.py:93} INFO - Requirement already satisfied: pycparser in /home/airflow/.local/lib/python3.11/site-packages (from cffi<2.0.0,>=1.9->dbt-core==1.7.0->dbt-postgres==1.7.0) (2.21)
[2026-03-11T16:49:25.156+0000] {subprocess.py:93} INFO - Requirement already satisfied: importlib-metadata~=6.0 in /home/airflow/.local/lib/python3.11/site-packages (from dbt-semantic-interfaces~=0.4.0->dbt-core==1.7.0->dbt-postgres==1.7.0) (6.11.0)
[2026-03-11T16:49:25.158+0000] {subprocess.py:93} INFO - Requirement already satisfied: more-itertools<11.0,>=8.0 in /home/airflow/.local/lib/python3.11/site-packages (from dbt-semantic-interfaces~=0.4.0->dbt-core==1.7.0->dbt-postgres==1.7.0) (10.8.0)
[2026-03-11T16:49:25.161+0000] {subprocess.py:93} INFO - Requirement already satisfied: pydantic<3,>=1.10 in /home/airflow/.local/lib/python3.11/site-packages (from dbt-semantic-interfaces~=0.4.0->dbt-core==1.7.0->dbt-postgres==1.7.0) (2.5.3)
[2026-03-11T16:49:25.163+0000] {subprocess.py:93} INFO - Requirement already satisfied: python-dateutil~=2.0 in /home/airflow/.local/lib/python3.11/site-packages (from dbt-semantic-interfaces~=0.4.0->dbt-core==1.7.0->dbt-postgres==1.7.0) (2.8.2)
[2026-03-11T16:49:25.169+0000] {subprocess.py:93} INFO - Requirement already satisfied: six in /home/airflow/.local/lib/python3.11/site-packages (from isodate<0.7,>=0.6->dbt-core==1.7.0->dbt-postgres==1.7.0) (1.16.0)
[2026-03-11T16:49:25.174+0000] {subprocess.py:93} INFO - Requirement already satisfied: MarkupSafe>=2.0 in /home/airflow/.local/lib/python3.11/site-packages (from Jinja2~=3.1.2->dbt-core==1.7.0->dbt-postgres==1.7.0) (2.1.3)
[2026-03-11T16:49:25.192+0000] {subprocess.py:93} INFO - Requirement already satisfied: attrs>=22.2.0 in /home/airflow/.local/lib/python3.11/site-packages (from jsonschema>=3.0->dbt-core==1.7.0->dbt-postgres==1.7.0) (23.2.0)
[2026-03-11T16:49:25.193+0000] {subprocess.py:93} INFO - Requirement already satisfied: jsonschema-specifications>=2023.03.6 in /home/airflow/.local/lib/python3.11/site-packages (from jsonschema>=3.0->dbt-core==1.7.0->dbt-postgres==1.7.0) (2023.12.1)
[2026-03-11T16:49:25.194+0000] {subprocess.py:93} INFO - Requirement already satisfied: referencing>=0.28.4 in /home/airflow/.local/lib/python3.11/site-packages (from jsonschema>=3.0->dbt-core==1.7.0->dbt-postgres==1.7.0) (0.32.1)
[2026-03-11T16:49:25.195+0000] {subprocess.py:93} INFO - Requirement already satisfied: rpds-py>=0.7.1 in /home/airflow/.local/lib/python3.11/site-packages (from jsonschema>=3.0->dbt-core==1.7.0->dbt-postgres==1.7.0) (0.17.1)
[2026-03-11T16:49:25.245+0000] {subprocess.py:93} INFO - Requirement already satisfied: msgpack>=0.5.6 in /home/airflow/.local/lib/python3.11/site-packages (from mashumaro[msgpack]~=3.9->dbt-core==1.7.0->dbt-postgres==1.7.0) (1.1.2)
[2026-03-11T16:49:25.294+0000] {subprocess.py:93} INFO - Requirement already satisfied: text-unidecode>=1.3 in /home/airflow/.local/lib/python3.11/site-packages (from python-slugify>=1.2.1->agate->dbt-postgres==1.7.0) (1.3)
[2026-03-11T16:49:25.316+0000] {subprocess.py:93} INFO - Requirement already satisfied: charset-normalizer<4,>=2 in /home/airflow/.local/lib/python3.11/site-packages (from requests<3.0.0->dbt-core==1.7.0->dbt-postgres==1.7.0) (3.3.2)
[2026-03-11T16:49:25.319+0000] {subprocess.py:93} INFO - Requirement already satisfied: certifi>=2017.4.17 in /home/airflow/.local/lib/python3.11/site-packages (from requests<3.0.0->dbt-core==1.7.0->dbt-postgres==1.7.0) (2023.11.17)
[2026-03-11T16:49:25.427+0000] {subprocess.py:93} INFO - Requirement already satisfied: zipp>=0.5 in /home/airflow/.local/lib/python3.11/site-packages (from importlib-metadata~=6.0->dbt-semantic-interfaces~=0.4.0->dbt-core==1.7.0->dbt-postgres==1.7.0) (3.17.0)
[2026-03-11T16:49:25.465+0000] {subprocess.py:93} INFO - Requirement already satisfied: annotated-types>=0.4.0 in /home/airflow/.local/lib/python3.11/site-packages (from pydantic<3,>=1.10->dbt-semantic-interfaces~=0.4.0->dbt-core==1.7.0->dbt-postgres==1.7.0) (0.6.0)
[2026-03-11T16:49:25.466+0000] {subprocess.py:93} INFO - Requirement already satisfied: pydantic-core==2.14.6 in /home/airflow/.local/lib/python3.11/site-packages (from pydantic<3,>=1.10->dbt-semantic-interfaces~=0.4.0->dbt-core==1.7.0->dbt-postgres==1.7.0) (2.14.6)
[2026-03-11T16:49:27.895+0000] {subprocess.py:93} INFO - 
[2026-03-11T16:49:27.896+0000] {subprocess.py:93} INFO - [notice] A new release of pip is available: 23.3.2 -> 26.0.1
[2026-03-11T16:49:27.896+0000] {subprocess.py:93} INFO - [notice] To update, run: python3 -m pip install --upgrade pip
[2026-03-11T16:49:28.022+0000] {subprocess.py:93} INFO - /usr/local/bin/python3: No module named dbt.__main__; 'dbt' is a package and cannot be directly executed
[2026-03-11T16:49:28.027+0000] {subprocess.py:97} INFO - Command exited with return code 1
[2026-03-11T16:49:28.040+0000] {taskinstance.py:2698} ERROR - Task failed with exception
Traceback (most recent call last):
  File "/home/airflow/.local/lib/python3.11/site-packages/airflow/models/taskinstance.py", line 433, in _execute_task
    result = execute_callable(context=context, **execute_callable_kwargs)
             ^^^^^^^^^^^^^^^^^^^^^^^^^^^^^^^^^^^^^^^^^^^^^^^^^^^^^^^^^^^^
  File "/home/airflow/.local/lib/python3.11/site-packages/airflow/operators/bash.py", line 212, in execute
    raise AirflowException(
airflow.exceptions.AirflowException: Bash command failed. The command returned a non-zero exit code 1.
[2026-03-11T16:49:28.044+0000] {taskinstance.py:1138} INFO - Marking task as UP_FOR_RETRY. dag_id=oncar_elt_flow, task_id=transform_with_dbt, execution_date=20260311T164921, start_date=20260311T164924, end_date=20260311T164928
[2026-03-11T16:49:28.057+0000] {standard_task_runner.py:107} ERROR - Failed to execute job 13 for task transform_with_dbt (Bash command failed. The command returned a non-zero exit code 1.; 310)
[2026-03-11T16:49:28.107+0000] {local_task_job_runner.py:234} INFO - Task exited with return code 1
[2026-03-11T16:49:28.126+0000] {taskinstance.py:3280} INFO - 0 downstream tasks scheduled from follow-on schedule check
