[2026-03-11T16:10:02.641+0000] {manager.py:469} INFO - Processing files using up to 2 processes at a time 
[2026-03-11T16:10:02.642+0000] {manager.py:470} INFO - Process each file at most once every 30 seconds
[2026-03-11T16:10:02.642+0000] {manager.py:471} INFO - Checking for new files in /opt/airflow/dags every 300 seconds
[2026-03-11T16:10:02.642+0000] {manager.py:738} INFO - Searching for files in /opt/airflow/dags
[2026-03-11T16:10:02.643+0000] {manager.py:741} INFO - There are 1 files in /opt/airflow/dags
[2026-03-11T16:10:02.691+0000] {manager.py:879} INFO - 
================================================================================
DAG File Processing Stats

File Path                             PID  Runtime      # DAGs    # Errors  Last Runtime    Last Run
----------------------------------  -----  ---------  --------  ----------  --------------  ----------
/opt/airflow/dags/cars_pipeline.py    221  0.03s             0           0
================================================================================
[2026-03-11T16:10:32.910+0000] {manager.py:879} INFO - 
================================================================================
DAG File Processing Stats

File Path                             PID  Runtime      # DAGs    # Errors  Last Runtime    Last Run
----------------------------------  -----  ---------  --------  ----------  --------------  -------------------
/opt/airflow/dags/cars_pipeline.py    248  0.01s             0           1  0.04s           2026-03-11T16:10:02
================================================================================
[2026-03-11T16:11:03.138+0000] {manager.py:879} INFO - 
================================================================================
DAG File Processing Stats

File Path                             PID  Runtime      # DAGs    # Errors  Last Runtime    Last Run
----------------------------------  -----  ---------  --------  ----------  --------------  -------------------
/opt/airflow/dags/cars_pipeline.py    253  0.01s             0           1  0.04s           2026-03-11T16:10:32
================================================================================
[2026-03-11T16:11:17.770+0000] {manager.py:469} INFO - Processing files using up to 2 processes at a time 
[2026-03-11T16:11:17.771+0000] {manager.py:470} INFO - Process each file at most once every 30 seconds
[2026-03-11T16:11:17.771+0000] {manager.py:471} INFO - Checking for new files in /opt/airflow/dags every 300 seconds
[2026-03-11T16:11:17.771+0000] {manager.py:738} INFO - Searching for files in /opt/airflow/dags
[2026-03-11T16:11:17.772+0000] {manager.py:741} INFO - There are 1 files in /opt/airflow/dags
[2026-03-11T16:11:17.821+0000] {manager.py:879} INFO - 
================================================================================
DAG File Processing Stats

File Path                             PID  Runtime      # DAGs    # Errors  Last Runtime    Last Run
----------------------------------  -----  ---------  --------  ----------  --------------  ----------
/opt/airflow/dags/cars_pipeline.py    216  0.03s             0           0
================================================================================
[2026-03-11T16:11:47.999+0000] {manager.py:879} INFO - 
================================================================================
DAG File Processing Stats

File Path                           PID    Runtime      # DAGs    # Errors  Last Runtime    Last Run
----------------------------------  -----  ---------  --------  ----------  --------------  -------------------
/opt/airflow/dags/cars_pipeline.py                           0           1  0.30s           2026-03-11T16:11:18
================================================================================
[2026-03-11T16:12:18.337+0000] {manager.py:879} INFO - 
================================================================================
DAG File Processing Stats

File Path                           PID    Runtime      # DAGs    # Errors  Last Runtime    Last Run
----------------------------------  -----  ---------  --------  ----------  --------------  -------------------
/opt/airflow/dags/cars_pipeline.py                           1           0  0.48s           2026-03-11T16:11:48
================================================================================
[2026-03-11T16:12:48.988+0000] {manager.py:879} INFO - 
================================================================================
DAG File Processing Stats

File Path                           PID    Runtime      # DAGs    # Errors  Last Runtime    Last Run
----------------------------------  -----  ---------  --------  ----------  --------------  -------------------
/opt/airflow/dags/cars_pipeline.py                           1           0  0.33s           2026-03-11T16:12:19
================================================================================
[2026-03-11T16:13:19.407+0000] {manager.py:879} INFO - 
================================================================================
DAG File Processing Stats

File Path                           PID    Runtime      # DAGs    # Errors  Last Runtime    Last Run
----------------------------------  -----  ---------  --------  ----------  --------------  -------------------
/opt/airflow/dags/cars_pipeline.py                           1           0  0.37s           2026-03-11T16:12:49
================================================================================
[2026-03-11T16:13:49.910+0000] {manager.py:879} INFO - 
================================================================================
DAG File Processing Stats

File Path                           PID    Runtime      # DAGs    # Errors  Last Runtime    Last Run
----------------------------------  -----  ---------  --------  ----------  --------------  -------------------
/opt/airflow/dags/cars_pipeline.py                           1           0  0.31s           2026-03-11T16:13:20
================================================================================
[2026-03-11T16:14:20.332+0000] {manager.py:879} INFO - 
================================================================================
DAG File Processing Stats

File Path                           PID    Runtime      # DAGs    # Errors  Last Runtime    Last Run
----------------------------------  -----  ---------  --------  ----------  --------------  -------------------
/opt/airflow/dags/cars_pipeline.py                           1           0  0.31s           2026-03-11T16:13:50
================================================================================
[2026-03-11T16:14:50.764+0000] {manager.py:879} INFO - 
================================================================================
DAG File Processing Stats

File Path                           PID    Runtime      # DAGs    # Errors  Last Runtime    Last Run
----------------------------------  -----  ---------  --------  ----------  --------------  -------------------
/opt/airflow/dags/cars_pipeline.py                           1           0  0.31s           2026-03-11T16:14:20
================================================================================
[2026-03-11T16:15:21.173+0000] {manager.py:879} INFO - 
================================================================================
DAG File Processing Stats

File Path                           PID    Runtime      # DAGs    # Errors  Last Runtime    Last Run
----------------------------------  -----  ---------  --------  ----------  --------------  -------------------
/opt/airflow/dags/cars_pipeline.py                           1           0  0.31s           2026-03-11T16:14:51
================================================================================
[2026-03-11T16:15:51.599+0000] {manager.py:879} INFO - 
================================================================================
DAG File Processing Stats

File Path                           PID    Runtime      # DAGs    # Errors  Last Runtime    Last Run
----------------------------------  -----  ---------  --------  ----------  --------------  -------------------
/opt/airflow/dags/cars_pipeline.py                           1           0  0.31s           2026-03-11T16:15:21
================================================================================
[2026-03-11T16:16:17.999+0000] {manager.py:738} INFO - Searching for files in /opt/airflow/dags
[2026-03-11T16:16:18.000+0000] {manager.py:741} INFO - There are 1 files in /opt/airflow/dags
[2026-03-11T16:16:22.026+0000] {manager.py:879} INFO - 
================================================================================
DAG File Processing Stats

File Path                           PID    Runtime      # DAGs    # Errors  Last Runtime    Last Run
----------------------------------  -----  ---------  --------  ----------  --------------  -------------------
/opt/airflow/dags/cars_pipeline.py                           1           0  0.32s           2026-03-11T16:15:52
================================================================================
[2026-03-11T16:16:52.461+0000] {manager.py:879} INFO - 
================================================================================
DAG File Processing Stats

File Path                           PID    Runtime      # DAGs    # Errors  Last Runtime    Last Run
----------------------------------  -----  ---------  --------  ----------  --------------  -------------------
/opt/airflow/dags/cars_pipeline.py                           1           0  0.32s           2026-03-11T16:16:22
================================================================================
[2026-03-11T16:17:22.880+0000] {manager.py:879} INFO - 
================================================================================
DAG File Processing Stats

File Path                           PID    Runtime      # DAGs    # Errors  Last Runtime    Last Run
----------------------------------  -----  ---------  --------  ----------  --------------  -------------------
/opt/airflow/dags/cars_pipeline.py                           1           0  0.31s           2026-03-11T16:16:53
================================================================================
[2026-03-11T16:17:53.300+0000] {manager.py:879} INFO - 
================================================================================
DAG File Processing Stats

File Path                           PID    Runtime      # DAGs    # Errors  Last Runtime    Last Run
----------------------------------  -----  ---------  --------  ----------  --------------  -------------------
/opt/airflow/dags/cars_pipeline.py                           1           0  0.38s           2026-03-11T16:17:23
================================================================================
[2026-03-11T16:18:23.800+0000] {manager.py:879} INFO - 
================================================================================
DAG File Processing Stats

File Path                           PID    Runtime      # DAGs    # Errors  Last Runtime    Last Run
----------------------------------  -----  ---------  --------  ----------  --------------  -------------------
/opt/airflow/dags/cars_pipeline.py                           1           0  0.35s           2026-03-11T16:17:53
================================================================================
[2026-03-11T16:18:54.266+0000] {manager.py:879} INFO - 
================================================================================
DAG File Processing Stats

File Path                           PID    Runtime      # DAGs    # Errors  Last Runtime    Last Run
----------------------------------  -----  ---------  --------  ----------  --------------  -------------------
/opt/airflow/dags/cars_pipeline.py                           1           0  0.33s           2026-03-11T16:18:24
================================================================================
[2026-03-11T16:19:24.700+0000] {manager.py:879} INFO - 
================================================================================
DAG File Processing Stats

File Path                           PID    Runtime      # DAGs    # Errors  Last Runtime    Last Run
----------------------------------  -----  ---------  --------  ----------  --------------  -------------------
/opt/airflow/dags/cars_pipeline.py                           1           0  0.33s           2026-03-11T16:18:54
================================================================================
[2026-03-11T16:19:55.138+0000] {manager.py:879} INFO - 
================================================================================
DAG File Processing Stats

File Path                           PID    Runtime      # DAGs    # Errors  Last Runtime    Last Run
----------------------------------  -----  ---------  --------  ----------  --------------  -------------------
/opt/airflow/dags/cars_pipeline.py                           1           0  0.32s           2026-03-11T16:19:25
================================================================================
[2026-03-11T16:20:25.570+0000] {manager.py:879} INFO - 
================================================================================
DAG File Processing Stats

File Path                           PID    Runtime      # DAGs    # Errors  Last Runtime    Last Run
----------------------------------  -----  ---------  --------  ----------  --------------  -------------------
/opt/airflow/dags/cars_pipeline.py                           1           0  0.32s           2026-03-11T16:19:55
================================================================================
[2026-03-11T16:20:56.011+0000] {manager.py:879} INFO - 
================================================================================
DAG File Processing Stats

File Path                           PID    Runtime      # DAGs    # Errors  Last Runtime    Last Run
----------------------------------  -----  ---------  --------  ----------  --------------  -------------------
/opt/airflow/dags/cars_pipeline.py                           1           0  0.34s           2026-03-11T16:20:26
================================================================================
[2026-03-11T16:21:18.408+0000] {manager.py:738} INFO - Searching for files in /opt/airflow/dags
[2026-03-11T16:21:18.410+0000] {manager.py:741} INFO - There are 1 files in /opt/airflow/dags
[2026-03-11T16:21:26.463+0000] {manager.py:879} INFO - 
================================================================================
DAG File Processing Stats

File Path                           PID    Runtime      # DAGs    # Errors  Last Runtime    Last Run
----------------------------------  -----  ---------  --------  ----------  --------------  -------------------
/opt/airflow/dags/cars_pipeline.py                           1           0  0.31s           2026-03-11T16:20:56
================================================================================
[2026-03-11T16:21:56.875+0000] {manager.py:879} INFO - 
================================================================================
DAG File Processing Stats

File Path                           PID    Runtime      # DAGs    # Errors  Last Runtime    Last Run
----------------------------------  -----  ---------  --------  ----------  --------------  -------------------
/opt/airflow/dags/cars_pipeline.py                           1           0  0.33s           2026-03-11T16:21:27
================================================================================
[2026-03-11T16:22:27.339+0000] {manager.py:879} INFO - 
================================================================================
DAG File Processing Stats

File Path                           PID    Runtime      # DAGs    # Errors  Last Runtime    Last Run
----------------------------------  -----  ---------  --------  ----------  --------------  -------------------
/opt/airflow/dags/cars_pipeline.py                           1           0  0.32s           2026-03-11T16:21:57
================================================================================
[2026-03-11T16:22:57.772+0000] {manager.py:879} INFO - 
================================================================================
DAG File Processing Stats

File Path                           PID    Runtime      # DAGs    # Errors  Last Runtime    Last Run
----------------------------------  -----  ---------  --------  ----------  --------------  -------------------
/opt/airflow/dags/cars_pipeline.py                           1           0  0.33s           2026-03-11T16:22:27
================================================================================
[2026-03-11T16:23:28.209+0000] {manager.py:879} INFO - 
================================================================================
DAG File Processing Stats

File Path                           PID    Runtime      # DAGs    # Errors  Last Runtime    Last Run
----------------------------------  -----  ---------  --------  ----------  --------------  -------------------
/opt/airflow/dags/cars_pipeline.py                           1           0  0.31s           2026-03-11T16:22:58
================================================================================
[2026-03-11T16:23:58.625+0000] {manager.py:879} INFO - 
================================================================================
DAG File Processing Stats

File Path                           PID    Runtime      # DAGs    # Errors  Last Runtime    Last Run
----------------------------------  -----  ---------  --------  ----------  --------------  -------------------
/opt/airflow/dags/cars_pipeline.py                           1           0  0.31s           2026-03-11T16:23:28
================================================================================
[2026-03-11T16:24:29.048+0000] {manager.py:879} INFO - 
================================================================================
DAG File Processing Stats

File Path                           PID    Runtime      # DAGs    # Errors  Last Runtime    Last Run
----------------------------------  -----  ---------  --------  ----------  --------------  -------------------
/opt/airflow/dags/cars_pipeline.py                           1           0  0.33s           2026-03-11T16:23:59
================================================================================
[2026-03-11T16:24:59.480+0000] {manager.py:879} INFO - 
================================================================================
DAG File Processing Stats

File Path                           PID    Runtime      # DAGs    # Errors  Last Runtime    Last Run
----------------------------------  -----  ---------  --------  ----------  --------------  -------------------
/opt/airflow/dags/cars_pipeline.py                           1           0  0.32s           2026-03-11T16:24:29
================================================================================
[2026-03-11T16:25:29.921+0000] {manager.py:879} INFO - 
================================================================================
DAG File Processing Stats

File Path                           PID    Runtime      # DAGs    # Errors  Last Runtime    Last Run
----------------------------------  -----  ---------  --------  ----------  --------------  -------------------
/opt/airflow/dags/cars_pipeline.py                           1           0  0.38s           2026-03-11T16:25:00
================================================================================
[2026-03-11T16:26:00.425+0000] {manager.py:879} INFO - 
================================================================================
DAG File Processing Stats

File Path                           PID    Runtime      # DAGs    # Errors  Last Runtime    Last Run
----------------------------------  -----  ---------  --------  ----------  --------------  -------------------
/opt/airflow/dags/cars_pipeline.py                           1           0  0.32s           2026-03-11T16:25:30
================================================================================
[2026-03-11T16:26:18.797+0000] {manager.py:738} INFO - Searching for files in /opt/airflow/dags
[2026-03-11T16:26:18.798+0000] {manager.py:741} INFO - There are 1 files in /opt/airflow/dags
[2026-03-11T16:26:30.872+0000] {manager.py:879} INFO - 
================================================================================
DAG File Processing Stats

File Path                           PID    Runtime      # DAGs    # Errors  Last Runtime    Last Run
----------------------------------  -----  ---------  --------  ----------  --------------  -------------------
/opt/airflow/dags/cars_pipeline.py                           1           0  0.32s           2026-03-11T16:26:01
================================================================================
[2026-03-11T16:27:01.288+0000] {manager.py:879} INFO - 
================================================================================
DAG File Processing Stats

File Path                           PID    Runtime      # DAGs    # Errors  Last Runtime    Last Run
----------------------------------  -----  ---------  --------  ----------  --------------  -------------------
/opt/airflow/dags/cars_pipeline.py                           1           0  0.34s           2026-03-11T16:26:31
================================================================================
[2026-03-11T16:27:31.737+0000] {manager.py:879} INFO - 
================================================================================
DAG File Processing Stats

File Path                           PID    Runtime      # DAGs    # Errors  Last Runtime    Last Run
----------------------------------  -----  ---------  --------  ----------  --------------  -------------------
/opt/airflow/dags/cars_pipeline.py                           1           0  0.33s           2026-03-11T16:27:01
================================================================================
[2026-03-11T16:28:02.146+0000] {manager.py:879} INFO - 
================================================================================
DAG File Processing Stats

File Path                           PID    Runtime      # DAGs    # Errors  Last Runtime    Last Run
----------------------------------  -----  ---------  --------  ----------  --------------  -------------------
/opt/airflow/dags/cars_pipeline.py                           1           0  0.39s           2026-03-11T16:27:32
================================================================================
[2026-03-11T16:28:32.663+0000] {manager.py:879} INFO - 
================================================================================
DAG File Processing Stats

File Path                           PID    Runtime      # DAGs    # Errors  Last Runtime    Last Run
----------------------------------  -----  ---------  --------  ----------  --------------  -------------------
/opt/airflow/dags/cars_pipeline.py                           1           0  0.38s           2026-03-11T16:28:02
================================================================================
[2026-03-11T16:29:03.152+0000] {manager.py:879} INFO - 
================================================================================
DAG File Processing Stats

File Path                           PID    Runtime      # DAGs    # Errors  Last Runtime    Last Run
----------------------------------  -----  ---------  --------  ----------  --------------  -------------------
/opt/airflow/dags/cars_pipeline.py                           1           0  0.38s           2026-03-11T16:28:33
================================================================================
[2026-03-11T16:29:33.659+0000] {manager.py:879} INFO - 
================================================================================
DAG File Processing Stats

File Path                           PID    Runtime      # DAGs    # Errors  Last Runtime    Last Run
----------------------------------  -----  ---------  --------  ----------  --------------  -------------------
/opt/airflow/dags/cars_pipeline.py                           1           0  0.35s           2026-03-11T16:29:03
================================================================================
[2026-03-11T16:30:04.125+0000] {manager.py:879} INFO - 
================================================================================
DAG File Processing Stats

File Path                           PID    Runtime      # DAGs    # Errors  Last Runtime    Last Run
----------------------------------  -----  ---------  --------  ----------  --------------  -------------------
/opt/airflow/dags/cars_pipeline.py                           1           0  0.33s           2026-03-11T16:29:34
================================================================================
[2026-03-11T16:30:34.547+0000] {manager.py:879} INFO - 
================================================================================
DAG File Processing Stats

File Path                           PID    Runtime      # DAGs    # Errors  Last Runtime    Last Run
----------------------------------  -----  ---------  --------  ----------  --------------  -------------------
/opt/airflow/dags/cars_pipeline.py                           1           0  0.43s           2026-03-11T16:30:04
================================================================================
[2026-03-11T16:31:05.130+0000] {manager.py:879} INFO - 
================================================================================
DAG File Processing Stats

File Path                           PID    Runtime      # DAGs    # Errors  Last Runtime    Last Run
----------------------------------  -----  ---------  --------  ----------  --------------  -------------------
/opt/airflow/dags/cars_pipeline.py                           1           0  0.32s           2026-03-11T16:30:35
================================================================================
[2026-03-11T16:31:19.461+0000] {manager.py:738} INFO - Searching for files in /opt/airflow/dags
[2026-03-11T16:31:19.463+0000] {manager.py:741} INFO - There are 1 files in /opt/airflow/dags
[2026-03-11T16:31:35.565+0000] {manager.py:879} INFO - 
================================================================================
DAG File Processing Stats

File Path                           PID    Runtime      # DAGs    # Errors  Last Runtime    Last Run
----------------------------------  -----  ---------  --------  ----------  --------------  -------------------
/opt/airflow/dags/cars_pipeline.py                           1           0  0.33s           2026-03-11T16:31:05
================================================================================
[2026-03-11T16:32:05.995+0000] {manager.py:879} INFO - 
================================================================================
DAG File Processing Stats

File Path                           PID    Runtime      # DAGs    # Errors  Last Runtime    Last Run
----------------------------------  -----  ---------  --------  ----------  --------------  -------------------
/opt/airflow/dags/cars_pipeline.py                           1           0  0.33s           2026-03-11T16:31:36
================================================================================
[2026-03-11T16:32:36.444+0000] {manager.py:879} INFO - 
================================================================================
DAG File Processing Stats

File Path                           PID    Runtime      # DAGs    # Errors  Last Runtime    Last Run
----------------------------------  -----  ---------  --------  ----------  --------------  -------------------
/opt/airflow/dags/cars_pipeline.py                           1           0  0.33s           2026-03-11T16:32:06
================================================================================
[2026-03-11T16:33:06.877+0000] {manager.py:879} INFO - 
================================================================================
DAG File Processing Stats

File Path                           PID    Runtime      # DAGs    # Errors  Last Runtime    Last Run
----------------------------------  -----  ---------  --------  ----------  --------------  -------------------
/opt/airflow/dags/cars_pipeline.py                           1           0  0.34s           2026-03-11T16:32:37
================================================================================
[2026-03-11T16:33:37.334+0000] {manager.py:879} INFO - 
================================================================================
DAG File Processing Stats

File Path                           PID    Runtime      # DAGs    # Errors  Last Runtime    Last Run
----------------------------------  -----  ---------  --------  ----------  --------------  -------------------
/opt/airflow/dags/cars_pipeline.py                           1           0  0.32s           2026-03-11T16:33:07
================================================================================
[2026-03-11T16:34:07.768+0000] {manager.py:879} INFO - 
================================================================================
DAG File Processing Stats

File Path                           PID    Runtime      # DAGs    # Errors  Last Runtime    Last Run
----------------------------------  -----  ---------  --------  ----------  --------------  -------------------
/opt/airflow/dags/cars_pipeline.py                           1           0  0.33s           2026-03-11T16:33:37
================================================================================
[2026-03-11T16:34:38.230+0000] {manager.py:879} INFO - 
================================================================================
DAG File Processing Stats

File Path                           PID    Runtime      # DAGs    # Errors  Last Runtime    Last Run
----------------------------------  -----  ---------  --------  ----------  --------------  -------------------
/opt/airflow/dags/cars_pipeline.py                           1           0  0.32s           2026-03-11T16:34:08
================================================================================
[2026-03-11T16:35:08.650+0000] {manager.py:879} INFO - 
================================================================================
DAG File Processing Stats

File Path                           PID    Runtime      # DAGs    # Errors  Last Runtime    Last Run
----------------------------------  -----  ---------  --------  ----------  --------------  -------------------
/opt/airflow/dags/cars_pipeline.py                           1           0  0.32s           2026-03-11T16:34:38
================================================================================
[2026-03-11T16:35:39.082+0000] {manager.py:879} INFO - 
================================================================================
DAG File Processing Stats

File Path                           PID    Runtime      # DAGs    # Errors  Last Runtime    Last Run
----------------------------------  -----  ---------  --------  ----------  --------------  -------------------
/opt/airflow/dags/cars_pipeline.py                           1           0  0.31s           2026-03-11T16:35:09
================================================================================
[2026-03-11T16:36:09.500+0000] {manager.py:879} INFO - 
================================================================================
DAG File Processing Stats

File Path                           PID    Runtime      # DAGs    # Errors  Last Runtime    Last Run
----------------------------------  -----  ---------  --------  ----------  --------------  -------------------
/opt/airflow/dags/cars_pipeline.py                           1           0  0.31s           2026-03-11T16:35:39
================================================================================
[2026-03-11T16:36:19.806+0000] {manager.py:738} INFO - Searching for files in /opt/airflow/dags
[2026-03-11T16:36:19.807+0000] {manager.py:741} INFO - There are 1 files in /opt/airflow/dags
[2026-03-11T16:36:39.925+0000] {manager.py:879} INFO - 
================================================================================
DAG File Processing Stats

File Path                           PID    Runtime      # DAGs    # Errors  Last Runtime    Last Run
----------------------------------  -----  ---------  --------  ----------  --------------  -------------------
/opt/airflow/dags/cars_pipeline.py                           1           0  0.32s           2026-03-11T16:36:10
================================================================================
[2026-03-11T16:37:10.364+0000] {manager.py:879} INFO - 
================================================================================
DAG File Processing Stats

File Path                           PID    Runtime      # DAGs    # Errors  Last Runtime    Last Run
----------------------------------  -----  ---------  --------  ----------  --------------  -------------------
/opt/airflow/dags/cars_pipeline.py                           1           0  0.32s           2026-03-11T16:36:40
================================================================================
[2026-03-11T16:37:40.797+0000] {manager.py:879} INFO - 
================================================================================
DAG File Processing Stats

File Path                           PID    Runtime      # DAGs    # Errors  Last Runtime    Last Run
----------------------------------  -----  ---------  --------  ----------  --------------  -------------------
/opt/airflow/dags/cars_pipeline.py                           1           0  0.32s           2026-03-11T16:37:10
================================================================================
[2026-03-11T16:38:11.218+0000] {manager.py:879} INFO - 
================================================================================
DAG File Processing Stats

File Path                           PID    Runtime      # DAGs    # Errors  Last Runtime    Last Run
----------------------------------  -----  ---------  --------  ----------  --------------  -------------------
/opt/airflow/dags/cars_pipeline.py                           1           0  0.31s           2026-03-11T16:37:41
================================================================================
[2026-03-11T16:38:41.644+0000] {manager.py:879} INFO - 
================================================================================
DAG File Processing Stats

File Path                           PID    Runtime      # DAGs    # Errors  Last Runtime    Last Run
----------------------------------  -----  ---------  --------  ----------  --------------  -------------------
/opt/airflow/dags/cars_pipeline.py                           1           0  0.31s           2026-03-11T16:38:11
================================================================================
[2026-03-11T16:39:12.061+0000] {manager.py:879} INFO - 
================================================================================
DAG File Processing Stats

File Path                           PID    Runtime      # DAGs    # Errors  Last Runtime    Last Run
----------------------------------  -----  ---------  --------  ----------  --------------  -------------------
/opt/airflow/dags/cars_pipeline.py                           1           0  0.31s           2026-03-11T16:38:42
================================================================================
[2026-03-11T16:39:42.498+0000] {manager.py:879} INFO - 
================================================================================
DAG File Processing Stats

File Path                           PID    Runtime      # DAGs    # Errors  Last Runtime    Last Run
----------------------------------  -----  ---------  --------  ----------  --------------  -------------------
/opt/airflow/dags/cars_pipeline.py                           1           0  0.31s           2026-03-11T16:39:12
================================================================================
[2026-03-11T16:40:12.911+0000] {manager.py:879} INFO - 
================================================================================
DAG File Processing Stats

File Path                           PID    Runtime      # DAGs    # Errors  Last Runtime    Last Run
----------------------------------  -----  ---------  --------  ----------  --------------  -------------------
/opt/airflow/dags/cars_pipeline.py                           1           0  0.49s           2026-03-11T16:39:43
================================================================================
[2026-03-11T16:40:43.019+0000] {manager.py:879} INFO - 
================================================================================
DAG File Processing Stats

File Path                           PID    Runtime      # DAGs    # Errors  Last Runtime    Last Run
----------------------------------  -----  ---------  --------  ----------  --------------  -------------------
/opt/airflow/dags/cars_pipeline.py                           1           0  0.47s           2026-03-11T16:40:13
================================================================================
[2026-03-11T16:41:13.193+0000] {manager.py:879} INFO - 
================================================================================
DAG File Processing Stats

File Path                           PID    Runtime      # DAGs    # Errors  Last Runtime    Last Run
----------------------------------  -----  ---------  --------  ----------  --------------  -------------------
/opt/airflow/dags/cars_pipeline.py                           1           0  0.47s           2026-03-11T16:40:44
================================================================================
[2026-03-11T16:41:20.164+0000] {manager.py:738} INFO - Searching for files in /opt/airflow/dags
[2026-03-11T16:41:20.165+0000] {manager.py:741} INFO - There are 1 files in /opt/airflow/dags
[2026-03-11T16:41:43.287+0000] {manager.py:879} INFO - 
================================================================================
DAG File Processing Stats

File Path                           PID    Runtime      # DAGs    # Errors  Last Runtime    Last Run
----------------------------------  -----  ---------  --------  ----------  --------------  -------------------
/opt/airflow/dags/cars_pipeline.py                           1           0  0.47s           2026-03-11T16:41:15
================================================================================
[2026-03-11T16:42:13.454+0000] {manager.py:879} INFO - 
================================================================================
DAG File Processing Stats

File Path                           PID    Runtime      # DAGs    # Errors  Last Runtime    Last Run
----------------------------------  -----  ---------  --------  ----------  --------------  -------------------
/opt/airflow/dags/cars_pipeline.py                           1           0  0.49s           2026-03-11T16:41:45
================================================================================
[2026-03-11T16:42:43.564+0000] {manager.py:879} INFO - 
================================================================================
DAG File Processing Stats

File Path                           PID    Runtime      # DAGs    # Errors  Last Runtime    Last Run
----------------------------------  -----  ---------  --------  ----------  --------------  -------------------
/opt/airflow/dags/cars_pipeline.py                           1           0  0.47s           2026-03-11T16:42:16
================================================================================
[2026-03-11T16:43:13.729+0000] {manager.py:879} INFO - 
================================================================================
DAG File Processing Stats

File Path                           PID    Runtime      # DAGs    # Errors  Last Runtime    Last Run
----------------------------------  -----  ---------  --------  ----------  --------------  -------------------
/opt/airflow/dags/cars_pipeline.py                           1           0  0.50s           2026-03-11T16:42:47
================================================================================
[2026-03-11T16:43:43.956+0000] {manager.py:879} INFO - 
================================================================================
DAG File Processing Stats

File Path                           PID    Runtime      # DAGs    # Errors  Last Runtime    Last Run
----------------------------------  -----  ---------  --------  ----------  --------------  -------------------
/opt/airflow/dags/cars_pipeline.py                           1           0  0.51s           2026-03-11T16:43:17
================================================================================
[2026-03-11T16:44:14.149+0000] {manager.py:879} INFO - 
================================================================================
DAG File Processing Stats

File Path                           PID    Runtime      # DAGs    # Errors  Last Runtime    Last Run
----------------------------------  -----  ---------  --------  ----------  --------------  -------------------
/opt/airflow/dags/cars_pipeline.py                           1           0  0.48s           2026-03-11T16:43:48
================================================================================
[2026-03-11T16:44:44.256+0000] {manager.py:879} INFO - 
================================================================================
DAG File Processing Stats

File Path                           PID    Runtime      # DAGs    # Errors  Last Runtime    Last Run
----------------------------------  -----  ---------  --------  ----------  --------------  -------------------
/opt/airflow/dags/cars_pipeline.py                           1           0  0.50s           2026-03-11T16:44:19
================================================================================
[2026-03-11T16:45:14.428+0000] {manager.py:879} INFO - 
================================================================================
DAG File Processing Stats

File Path                           PID    Runtime      # DAGs    # Errors  Last Runtime    Last Run
----------------------------------  -----  ---------  --------  ----------  --------------  -------------------
/opt/airflow/dags/cars_pipeline.py                           1           0  0.47s           2026-03-11T16:44:49
================================================================================
[2026-03-11T16:45:44.514+0000] {manager.py:879} INFO - 
================================================================================
DAG File Processing Stats

File Path                           PID    Runtime      # DAGs    # Errors  Last Runtime    Last Run
----------------------------------  -----  ---------  --------  ----------  --------------  -------------------
/opt/airflow/dags/cars_pipeline.py                           1           0  0.47s           2026-03-11T16:45:20
================================================================================
[2026-03-11T16:46:14.665+0000] {manager.py:879} INFO - 
================================================================================
DAG File Processing Stats

File Path                           PID    Runtime      # DAGs    # Errors  Last Runtime    Last Run
----------------------------------  -----  ---------  --------  ----------  --------------  -------------------
/opt/airflow/dags/cars_pipeline.py                           1           0  0.48s           2026-03-11T16:46:04
================================================================================
[2026-03-11T16:46:20.698+0000] {manager.py:738} INFO - Searching for files in /opt/airflow/dags
[2026-03-11T16:46:20.699+0000] {manager.py:741} INFO - There are 1 files in /opt/airflow/dags
[2026-03-11T16:47:13.554+0000] {manager.py:469} INFO - Processing files using up to 2 processes at a time 
[2026-03-11T16:47:13.554+0000] {manager.py:470} INFO - Process each file at most once every 30 seconds
[2026-03-11T16:47:13.555+0000] {manager.py:471} INFO - Checking for new files in /opt/airflow/dags every 300 seconds
[2026-03-11T16:47:13.555+0000] {manager.py:738} INFO - Searching for files in /opt/airflow/dags
[2026-03-11T16:47:13.556+0000] {manager.py:741} INFO - There are 1 files in /opt/airflow/dags
[2026-03-11T16:47:13.613+0000] {manager.py:879} INFO - 
================================================================================
DAG File Processing Stats

File Path                             PID  Runtime      # DAGs    # Errors  Last Runtime    Last Run
----------------------------------  -----  ---------  --------  ----------  --------------  ----------
/opt/airflow/dags/cars_pipeline.py    253  0.03s             0           0
================================================================================
[2026-03-11T16:47:43.794+0000] {manager.py:879} INFO - 
================================================================================
DAG File Processing Stats

File Path                           PID    Runtime      # DAGs    # Errors  Last Runtime    Last Run
----------------------------------  -----  ---------  --------  ----------  --------------  -------------------
/opt/airflow/dags/cars_pipeline.py                           1           0  0.39s           2026-03-11T16:47:13
================================================================================
[2026-03-11T16:48:13.830+0000] {manager.py:879} INFO - 
================================================================================
DAG File Processing Stats

File Path                           PID    Runtime      # DAGs    # Errors  Last Runtime    Last Run
----------------------------------  -----  ---------  --------  ----------  --------------  -------------------
/opt/airflow/dags/cars_pipeline.py                           1           0  0.57s           2026-03-11T16:47:44
================================================================================
[2026-03-11T16:48:44.475+0000] {manager.py:879} INFO - 
================================================================================
DAG File Processing Stats

File Path                           PID    Runtime      # DAGs    # Errors  Last Runtime    Last Run
----------------------------------  -----  ---------  --------  ----------  --------------  -------------------
/opt/airflow/dags/cars_pipeline.py                           1           0  0.47s           2026-03-11T16:48:15
================================================================================
[2026-03-11T16:49:14.659+0000] {manager.py:879} INFO - 
================================================================================
DAG File Processing Stats

File Path                           PID    Runtime      # DAGs    # Errors  Last Runtime    Last Run
----------------------------------  -----  ---------  --------  ----------  --------------  -------------------
/opt/airflow/dags/cars_pipeline.py                           1           0  0.46s           2026-03-11T16:48:45
================================================================================
[2026-03-11T16:49:44.739+0000] {manager.py:879} INFO - 
================================================================================
DAG File Processing Stats

File Path                           PID    Runtime      # DAGs    # Errors  Last Runtime    Last Run
----------------------------------  -----  ---------  --------  ----------  --------------  -------------------
/opt/airflow/dags/cars_pipeline.py                           1           0  0.48s           2026-03-11T16:49:16
================================================================================
[2026-03-11T16:50:14.909+0000] {manager.py:879} INFO - 
================================================================================
DAG File Processing Stats

File Path                           PID    Runtime      # DAGs    # Errors  Last Runtime    Last Run
----------------------------------  -----  ---------  --------  ----------  --------------  -------------------
/opt/airflow/dags/cars_pipeline.py                           1           0  0.47s           2026-03-11T16:49:47
================================================================================
[2026-03-11T16:50:45.003+0000] {manager.py:879} INFO - 
================================================================================
DAG File Processing Stats

File Path                           PID    Runtime      # DAGs    # Errors  Last Runtime    Last Run
----------------------------------  -----  ---------  --------  ----------  --------------  -------------------
/opt/airflow/dags/cars_pipeline.py                           1           0  0.49s           2026-03-11T16:50:17
================================================================================
[2026-03-11T16:51:15.177+0000] {manager.py:879} INFO - 
================================================================================
DAG File Processing Stats

File Path                           PID    Runtime      # DAGs    # Errors  Last Runtime    Last Run
----------------------------------  -----  ---------  --------  ----------  --------------  -------------------
/opt/airflow/dags/cars_pipeline.py                           1           0  0.47s           2026-03-11T16:50:48
================================================================================
[2026-03-11T16:51:45.252+0000] {manager.py:879} INFO - 
================================================================================
DAG File Processing Stats

File Path                           PID    Runtime      # DAGs    # Errors  Last Runtime    Last Run
----------------------------------  -----  ---------  --------  ----------  --------------  -------------------
/opt/airflow/dags/cars_pipeline.py                           1           0  0.47s           2026-03-11T16:51:19
================================================================================
[2026-03-11T16:52:13.883+0000] {manager.py:738} INFO - Searching for files in /opt/airflow/dags
[2026-03-11T16:52:13.885+0000] {manager.py:741} INFO - There are 1 files in /opt/airflow/dags
[2026-03-11T16:52:15.421+0000] {manager.py:879} INFO - 
================================================================================
DAG File Processing Stats

File Path                           PID    Runtime      # DAGs    # Errors  Last Runtime    Last Run
----------------------------------  -----  ---------  --------  ----------  --------------  -------------------
/opt/airflow/dags/cars_pipeline.py                           1           0  0.48s           2026-03-11T16:51:49
================================================================================
[2026-03-11T16:52:45.546+0000] {manager.py:879} INFO - 
================================================================================
DAG File Processing Stats

File Path                           PID    Runtime      # DAGs    # Errors  Last Runtime    Last Run
----------------------------------  -----  ---------  --------  ----------  --------------  -------------------
/opt/airflow/dags/cars_pipeline.py                           1           0  0.48s           2026-03-11T16:52:20
================================================================================
[2026-03-11T16:53:15.722+0000] {manager.py:879} INFO - 
================================================================================
DAG File Processing Stats

File Path                           PID    Runtime      # DAGs    # Errors  Last Runtime    Last Run
----------------------------------  -----  ---------  --------  ----------  --------------  -------------------
/opt/airflow/dags/cars_pipeline.py                           1           0  0.46s           2026-03-11T16:52:51
================================================================================
[2026-03-11T16:53:45.773+0000] {manager.py:879} INFO - 
================================================================================
DAG File Processing Stats

File Path                           PID    Runtime      # DAGs    # Errors  Last Runtime    Last Run
----------------------------------  -----  ---------  --------  ----------  --------------  -------------------
/opt/airflow/dags/cars_pipeline.py                           1           0  0.46s           2026-03-11T16:53:21
================================================================================
[2026-03-11T16:54:15.954+0000] {manager.py:879} INFO - 
================================================================================
DAG File Processing Stats

File Path                           PID    Runtime      # DAGs    # Errors  Last Runtime    Last Run
----------------------------------  -----  ---------  --------  ----------  --------------  -------------------
/opt/airflow/dags/cars_pipeline.py                           1           0  0.47s           2026-03-11T16:53:52
================================================================================
[2026-03-11T16:54:46.034+0000] {manager.py:879} INFO - 
================================================================================
DAG File Processing Stats

File Path                           PID    Runtime      # DAGs    # Errors  Last Runtime    Last Run
----------------------------------  -----  ---------  --------  ----------  --------------  -------------------
/opt/airflow/dags/cars_pipeline.py                           1           0  0.46s           2026-03-11T16:54:22
================================================================================
[2026-03-11T16:55:16.214+0000] {manager.py:879} INFO - 
================================================================================
DAG File Processing Stats

File Path                           PID    Runtime      # DAGs    # Errors  Last Runtime    Last Run
----------------------------------  -----  ---------  --------  ----------  --------------  -------------------
/opt/airflow/dags/cars_pipeline.py                           1           0  0.46s           2026-03-11T16:54:53
================================================================================
[2026-03-11T16:55:46.261+0000] {manager.py:879} INFO - 
================================================================================
DAG File Processing Stats

File Path                           PID    Runtime      # DAGs    # Errors  Last Runtime    Last Run
----------------------------------  -----  ---------  --------  ----------  --------------  -------------------
/opt/airflow/dags/cars_pipeline.py                           1           0  0.46s           2026-03-11T16:55:24
================================================================================
[2026-03-11T16:56:16.429+0000] {manager.py:879} INFO - 
================================================================================
DAG File Processing Stats

File Path                           PID    Runtime      # DAGs    # Errors  Last Runtime    Last Run
----------------------------------  -----  ---------  --------  ----------  --------------  -------------------
/opt/airflow/dags/cars_pipeline.py                           1           0  0.48s           2026-03-11T16:55:54
================================================================================
[2026-03-11T16:56:46.509+0000] {manager.py:879} INFO - 
================================================================================
DAG File Processing Stats

File Path                           PID    Runtime      # DAGs    # Errors  Last Runtime    Last Run
----------------------------------  -----  ---------  --------  ----------  --------------  -------------------
/opt/airflow/dags/cars_pipeline.py                           1           0  0.46s           2026-03-11T16:56:25
================================================================================
[2026-03-11T16:57:14.122+0000] {manager.py:738} INFO - Searching for files in /opt/airflow/dags
[2026-03-11T16:57:14.123+0000] {manager.py:741} INFO - There are 1 files in /opt/airflow/dags
[2026-03-11T16:57:16.675+0000] {manager.py:879} INFO - 
================================================================================
DAG File Processing Stats

File Path                           PID    Runtime      # DAGs    # Errors  Last Runtime    Last Run
----------------------------------  -----  ---------  --------  ----------  --------------  -------------------
/opt/airflow/dags/cars_pipeline.py                           1           0  0.47s           2026-03-11T16:56:56
================================================================================
[2026-03-11T16:57:46.798+0000] {manager.py:879} INFO - 
================================================================================
DAG File Processing Stats

File Path                             PID  Runtime      # DAGs    # Errors  Last Runtime    Last Run
----------------------------------  -----  ---------  --------  ----------  --------------  -------------------
/opt/airflow/dags/cars_pipeline.py    475  0.01s             1           0  0.45s           2026-03-11T16:57:39
================================================================================
[2026-03-11T16:58:16.957+0000] {manager.py:879} INFO - 
================================================================================
DAG File Processing Stats

File Path                           PID    Runtime      # DAGs    # Errors  Last Runtime    Last Run
----------------------------------  -----  ---------  --------  ----------  --------------  -------------------
/opt/airflow/dags/cars_pipeline.py                           1           0  0.48s           2026-03-11T16:57:47
================================================================================
[2026-03-11T16:58:47.044+0000] {manager.py:879} INFO - 
================================================================================
DAG File Processing Stats

File Path                           PID    Runtime      # DAGs    # Errors  Last Runtime    Last Run
----------------------------------  -----  ---------  --------  ----------  --------------  -------------------
/opt/airflow/dags/cars_pipeline.py                           1           0  0.48s           2026-03-11T16:58:17
================================================================================
[2026-03-11T16:59:17.205+0000] {manager.py:879} INFO - 
================================================================================
DAG File Processing Stats

File Path                           PID    Runtime      # DAGs    # Errors  Last Runtime    Last Run
----------------------------------  -----  ---------  --------  ----------  --------------  -------------------
/opt/airflow/dags/cars_pipeline.py                           1           0  0.51s           2026-03-11T16:58:48
================================================================================
[2026-03-11T16:59:47.367+0000] {manager.py:879} INFO - 
================================================================================
DAG File Processing Stats

File Path                           PID    Runtime      # DAGs    # Errors  Last Runtime    Last Run
----------------------------------  -----  ---------  --------  ----------  --------------  -------------------
/opt/airflow/dags/cars_pipeline.py                           1           0  0.49s           2026-03-11T16:59:19
================================================================================
[2026-03-11T17:00:17.536+0000] {manager.py:879} INFO - 
================================================================================
DAG File Processing Stats

File Path                           PID    Runtime      # DAGs    # Errors  Last Runtime    Last Run
----------------------------------  -----  ---------  --------  ----------  --------------  -------------------
/opt/airflow/dags/cars_pipeline.py                           1           0  0.45s           2026-03-11T16:59:49
================================================================================
[2026-03-11T17:00:47.580+0000] {manager.py:879} INFO - 
================================================================================
DAG File Processing Stats

File Path                           PID    Runtime      # DAGs    # Errors  Last Runtime    Last Run
----------------------------------  -----  ---------  --------  ----------  --------------  -------------------
/opt/airflow/dags/cars_pipeline.py                           1           0  0.45s           2026-03-11T17:00:20
================================================================================
[2026-03-11T17:01:17.762+0000] {manager.py:879} INFO - 
================================================================================
DAG File Processing Stats

File Path                           PID    Runtime      # DAGs    # Errors  Last Runtime    Last Run
----------------------------------  -----  ---------  --------  ----------  --------------  -------------------
/opt/airflow/dags/cars_pipeline.py                           1           0  0.46s           2026-03-11T17:00:51
================================================================================
[2026-03-11T17:01:47.834+0000] {manager.py:879} INFO - 
================================================================================
DAG File Processing Stats

File Path                           PID    Runtime      # DAGs    # Errors  Last Runtime    Last Run
----------------------------------  -----  ---------  --------  ----------  --------------  -------------------
/opt/airflow/dags/cars_pipeline.py                           1           0  0.54s           2026-03-11T17:01:44
================================================================================
[2026-03-11T17:02:14.493+0000] {manager.py:738} INFO - Searching for files in /opt/airflow/dags
[2026-03-11T17:02:14.494+0000] {manager.py:741} INFO - There are 1 files in /opt/airflow/dags
[2026-03-11T17:02:18.532+0000] {manager.py:879} INFO - 
================================================================================
DAG File Processing Stats

File Path                           PID    Runtime      # DAGs    # Errors  Last Runtime    Last Run
----------------------------------  -----  ---------  --------  ----------  --------------  -------------------
/opt/airflow/dags/cars_pipeline.py                           1           0  0.52s           2026-03-11T17:01:58
================================================================================
[2026-03-11T17:02:48.732+0000] {manager.py:879} INFO - 
================================================================================
DAG File Processing Stats

File Path                           PID    Runtime      # DAGs    # Errors  Last Runtime    Last Run
----------------------------------  -----  ---------  --------  ----------  --------------  -------------------
/opt/airflow/dags/cars_pipeline.py                           1           0  0.48s           2026-03-11T17:02:29
================================================================================
[2026-03-11T17:45:08.212+0000] {manager.py:738} INFO - Searching for files in /opt/airflow/dags
[2026-03-11T17:45:08.213+0000] {manager.py:741} INFO - There are 1 files in /opt/airflow/dags
[2026-03-11T17:45:09.475+0000] {manager.py:879} INFO - 
================================================================================
DAG File Processing Stats

File Path                           PID    Runtime      # DAGs    # Errors  Last Runtime    Last Run
----------------------------------  -----  ---------  --------  ----------  --------------  -------------------
/opt/airflow/dags/cars_pipeline.py                           1           0  0.50s           2026-03-11T17:45:08
================================================================================
[2026-03-11T17:45:39.872+0000] {manager.py:879} INFO - 
================================================================================
DAG File Processing Stats

File Path                           PID    Runtime      # DAGs    # Errors  Last Runtime    Last Run
----------------------------------  -----  ---------  --------  ----------  --------------  -------------------
/opt/airflow/dags/cars_pipeline.py                           1           0  0.50s           2026-03-11T17:45:39
================================================================================
[2026-03-11T17:46:10.013+0000] {manager.py:879} INFO - 
================================================================================
DAG File Processing Stats

File Path                           PID    Runtime      # DAGs    # Errors  Last Runtime    Last Run
----------------------------------  -----  ---------  --------  ----------  --------------  -------------------
/opt/airflow/dags/cars_pipeline.py                           1           0  0.47s           2026-03-11T17:46:10
================================================================================
[2026-03-11T17:46:40.182+0000] {manager.py:879} INFO - 
================================================================================
DAG File Processing Stats

File Path                             PID  Runtime      # DAGs    # Errors  Last Runtime    Last Run
----------------------------------  -----  ---------  --------  ----------  --------------  -------------------
/opt/airflow/dags/cars_pipeline.py    610  0.01s             1           0  0.47s           2026-03-11T17:46:10
================================================================================
[2026-03-11T17:47:10.353+0000] {manager.py:879} INFO - 
================================================================================
DAG File Processing Stats

File Path                           PID    Runtime      # DAGs    # Errors  Last Runtime    Last Run
----------------------------------  -----  ---------  --------  ----------  --------------  -------------------
/opt/airflow/dags/cars_pipeline.py                           1           0  0.45s           2026-03-11T17:46:40
================================================================================
[2026-03-11T17:47:40.952+0000] {manager.py:879} INFO - 
================================================================================
DAG File Processing Stats

File Path                           PID    Runtime      # DAGs    # Errors  Last Runtime    Last Run
----------------------------------  -----  ---------  --------  ----------  --------------  -------------------
/opt/airflow/dags/cars_pipeline.py                           1           0  0.44s           2026-03-11T17:47:11
================================================================================
[2026-03-11T17:48:11.034+0000] {manager.py:879} INFO - 
================================================================================
DAG File Processing Stats

File Path                           PID    Runtime      # DAGs    # Errors  Last Runtime    Last Run
----------------------------------  -----  ---------  --------  ----------  --------------  -------------------
/opt/airflow/dags/cars_pipeline.py                           1           0  0.51s           2026-03-11T17:47:41
================================================================================
[2026-03-11T17:48:41.204+0000] {manager.py:879} INFO - 
================================================================================
DAG File Processing Stats

File Path                           PID    Runtime      # DAGs    # Errors  Last Runtime    Last Run
----------------------------------  -----  ---------  --------  ----------  --------------  -------------------
/opt/airflow/dags/cars_pipeline.py                           1           0  0.48s           2026-03-11T17:48:12
================================================================================
[2026-03-11T17:49:11.274+0000] {manager.py:879} INFO - 
================================================================================
DAG File Processing Stats

File Path                           PID    Runtime      # DAGs    # Errors  Last Runtime    Last Run
----------------------------------  -----  ---------  --------  ----------  --------------  -------------------
/opt/airflow/dags/cars_pipeline.py                           1           0  0.44s           2026-03-11T17:48:43
================================================================================
[2026-03-11T17:49:41.455+0000] {manager.py:879} INFO - 
================================================================================
DAG File Processing Stats

File Path                           PID    Runtime      # DAGs    # Errors  Last Runtime    Last Run
----------------------------------  -----  ---------  --------  ----------  --------------  -------------------
/opt/airflow/dags/cars_pipeline.py                           1           0  0.45s           2026-03-11T17:49:13
================================================================================
[2026-03-11T17:50:08.457+0000] {manager.py:738} INFO - Searching for files in /opt/airflow/dags
[2026-03-11T17:50:08.459+0000] {manager.py:741} INFO - There are 1 files in /opt/airflow/dags
[2026-03-11T17:50:11.485+0000] {manager.py:879} INFO - 
================================================================================
DAG File Processing Stats

File Path                           PID    Runtime      # DAGs    # Errors  Last Runtime    Last Run
----------------------------------  -----  ---------  --------  ----------  --------------  -------------------
/opt/airflow/dags/cars_pipeline.py                           1           0  0.44s           2026-03-11T17:49:44
================================================================================
[2026-03-12T01:13:58.212+0000] {manager.py:738} INFO - Searching for files in /opt/airflow/dags
[2026-03-12T01:13:58.214+0000] {manager.py:741} INFO - There are 1 files in /opt/airflow/dags
[2026-03-12T01:14:10.775+0000] {manager.py:879} INFO - 
================================================================================
DAG File Processing Stats

File Path                           PID    Runtime      # DAGs    # Errors  Last Runtime    Last Run
----------------------------------  -----  ---------  --------  ----------  --------------  -------------------
/opt/airflow/dags/cars_pipeline.py                           1           0  0.53s           2026-03-12T01:13:58
================================================================================
[2026-03-12T01:14:40.996+0000] {manager.py:879} INFO - 
================================================================================
DAG File Processing Stats

File Path                           PID    Runtime      # DAGs    # Errors  Last Runtime    Last Run
----------------------------------  -----  ---------  --------  ----------  --------------  -------------------
/opt/airflow/dags/cars_pipeline.py                           1           0  0.53s           2026-03-12T01:14:29
================================================================================
[2026-03-12T01:15:11.118+0000] {manager.py:879} INFO - 
================================================================================
DAG File Processing Stats

File Path                           PID    Runtime      # DAGs    # Errors  Last Runtime    Last Run
----------------------------------  -----  ---------  --------  ----------  --------------  -------------------
/opt/airflow/dags/cars_pipeline.py                           1           0  0.45s           2026-03-12T01:15:00
================================================================================
[2026-03-12T01:15:41.286+0000] {manager.py:879} INFO - 
================================================================================
DAG File Processing Stats

File Path                           PID    Runtime      # DAGs    # Errors  Last Runtime    Last Run
----------------------------------  -----  ---------  --------  ----------  --------------  -------------------
/opt/airflow/dags/cars_pipeline.py                           1           0  0.48s           2026-03-12T01:15:30
================================================================================
[2026-03-12T01:16:11.366+0000] {manager.py:879} INFO - 
================================================================================
DAG File Processing Stats

File Path                           PID    Runtime      # DAGs    # Errors  Last Runtime    Last Run
----------------------------------  -----  ---------  --------  ----------  --------------  -------------------
/opt/airflow/dags/cars_pipeline.py                           1           0  0.44s           2026-03-12T01:16:01
================================================================================
[2026-03-12T01:16:41.547+0000] {manager.py:879} INFO - 
================================================================================
DAG File Processing Stats

File Path                           PID    Runtime      # DAGs    # Errors  Last Runtime    Last Run
----------------------------------  -----  ---------  --------  ----------  --------------  -------------------
/opt/airflow/dags/cars_pipeline.py                           1           0  0.44s           2026-03-12T01:16:31
================================================================================
[2026-03-12T01:17:11.564+0000] {manager.py:879} INFO - 
================================================================================
DAG File Processing Stats

File Path                           PID    Runtime      # DAGs    # Errors  Last Runtime    Last Run
----------------------------------  -----  ---------  --------  ----------  --------------  -------------------
/opt/airflow/dags/cars_pipeline.py                           1           0  0.44s           2026-03-12T01:17:02
================================================================================
[2026-03-12T01:17:41.736+0000] {manager.py:879} INFO - 
================================================================================
DAG File Processing Stats

File Path                           PID    Runtime      # DAGs    # Errors  Last Runtime    Last Run
----------------------------------  -----  ---------  --------  ----------  --------------  -------------------
/opt/airflow/dags/cars_pipeline.py                           1           0  0.45s           2026-03-12T01:17:33
================================================================================
[2026-03-12T01:18:11.778+0000] {manager.py:879} INFO - 
================================================================================
DAG File Processing Stats

File Path                           PID    Runtime      # DAGs    # Errors  Last Runtime    Last Run
----------------------------------  -----  ---------  --------  ----------  --------------  -------------------
/opt/airflow/dags/cars_pipeline.py                           1           0  0.44s           2026-03-12T01:18:03
================================================================================
[2026-03-12T01:18:41.939+0000] {manager.py:879} INFO - 
================================================================================
DAG File Processing Stats

File Path                           PID    Runtime      # DAGs    # Errors  Last Runtime    Last Run
----------------------------------  -----  ---------  --------  ----------  --------------  -------------------
/opt/airflow/dags/cars_pipeline.py                           1           0  0.44s           2026-03-12T01:18:34
================================================================================
[2026-03-12T01:18:58.459+0000] {manager.py:738} INFO - Searching for files in /opt/airflow/dags
[2026-03-12T01:18:58.461+0000] {manager.py:741} INFO - There are 1 files in /opt/airflow/dags
[2026-03-12T01:19:12.022+0000] {manager.py:879} INFO - 
================================================================================
DAG File Processing Stats

File Path                           PID    Runtime      # DAGs    # Errors  Last Runtime    Last Run
----------------------------------  -----  ---------  --------  ----------  --------------  -------------------
/opt/airflow/dags/cars_pipeline.py                           1           0  0.49s           2026-03-12T01:19:04
================================================================================
[2026-03-12T01:19:42.195+0000] {manager.py:879} INFO - 
================================================================================
DAG File Processing Stats

File Path                           PID    Runtime      # DAGs    # Errors  Last Runtime    Last Run
----------------------------------  -----  ---------  --------  ----------  --------------  -------------------
/opt/airflow/dags/cars_pipeline.py                           1           0  0.46s           2026-03-12T01:19:35
================================================================================
[2026-03-12T01:20:12.259+0000] {manager.py:879} INFO - 
================================================================================
DAG File Processing Stats

File Path                           PID    Runtime      # DAGs    # Errors  Last Runtime    Last Run
----------------------------------  -----  ---------  --------  ----------  --------------  -------------------
/opt/airflow/dags/cars_pipeline.py                           1           0  0.47s           2026-03-12T01:20:06
================================================================================
